<?xml version="1.0" encoding="UTF-8"?>
<testng-results skipped="0" failed="5" total="55" passed="50">
  <reporter-output>
    <line>
      <![CDATA[1<br/>]]>
    </line>
    <line>
      <![CDATA[Stage<br/>]]>
    </line>
    <line>
      <![CDATA[null<br/>]]>
    </line>
    <line>
      <![CDATA[=====================================================================================<br/>]]>
    </line>
    <line>
      <![CDATA[<<<*** START: ForgotPassword.TA52_Validate_ForgotPassword_Non_Converted_MS_Login ***>>> <br/>]]>
    </line>
    <line>
      <![CDATA[<<<*** END: ForgotPassword.TA52_Validate_ForgotPassword_Non_Converted_MS_Login ***>>> <br/>]]>
    </line>
    <line>
      <![CDATA[=====================================================================================<br/>]]>
    </line>
    <line>
      <![CDATA[Test Passed :com.charter.test.ForgotPassword.TA52_Validate_ForgotPassword_Non_Converted_MS_Login, Took 58 seconds<br/>]]>
    </line>
    <line>
      <![CDATA[1<br/>]]>
    </line>
    <line>
      <![CDATA[Stage<br/>]]>
    </line>
    <line>
      <![CDATA[null<br/>]]>
    </line>
    <line>
      <![CDATA[=====================================================================================<br/>]]>
    </line>
    <line>
      <![CDATA[<<<*** START: ForgotPassword.TA53_Validate_ForgotPassword_Non_Converted_CharterID ***>>> <br/>]]>
    </line>
    <line>
      <![CDATA[<<<*** END: ForgotPassword.TA53_Validate_ForgotPassword_Non_Converted_CharterID ***>>> <br/>]]>
    </line>
    <line>
      <![CDATA[=====================================================================================<br/>]]>
    </line>
    <line>
      <![CDATA[Test Passed :com.charter.test.ForgotPassword.TA53_Validate_ForgotPassword_Non_Converted_CharterID, Took 32 seconds<br/>]]>
    </line>
    <line>
      <![CDATA[1<br/>]]>
    </line>
    <line>
      <![CDATA[Stage<br/>]]>
    </line>
    <line>
      <![CDATA[null<br/>]]>
    </line>
    <line>
      <![CDATA[=====================================================================================<br/>]]>
    </line>
    <line>
      <![CDATA[<<<*** START: ForgotPassword.TA54_Validate_ForgotPassword_Converted_CharterID ***>>> <br/>]]>
    </line>
    <line>
      <![CDATA[<<<*** END: ForgotPassword.TA54_Validate_ForgotPassword_Converted_CharterID ***>>> <br/>]]>
    </line>
    <line>
      <![CDATA[=====================================================================================<br/>]]>
    </line>
    <line>
      <![CDATA[Test Passed :com.charter.test.ForgotPassword.TA54_Validate_ForgotPassword_Converted_CharterID, Took 34 seconds<br/>]]>
    </line>
    <line>
      <![CDATA[1<br/>]]>
    </line>
    <line>
      <![CDATA[Stage<br/>]]>
    </line>
    <line>
      <![CDATA[null<br/>]]>
    </line>
    <line>
      <![CDATA[=====================================================================================<br/>]]>
    </line>
    <line>
      <![CDATA[<<<*** START: ForgotPassword.TA35_Validate_RetrievingPassword_HOHuser ***>>> <br/>]]>
    </line>
    <line>
      <![CDATA[<<<*** END: ForgotPassword.TA35_Validate_RetrievingPassword_HOHuser ***>>> <br/>]]>
    </line>
    <line>
      <![CDATA[=====================================================================================<br/>]]>
    </line>
    <line>
      <![CDATA[Test Failed :com.charter.test.ForgotPassword.TA35_Validate_RetrievingPassword_HOHuser, Took 525 seconds<br/>]]>
    </line>
    <line>
      <![CDATA[<a href='D:\Sanity Suite\sanity\target\surefire-reports\html\screenshots\TA35_Validate_RetrievingPassword_HOHuser-1-03Feb16_105614.png'><img src='D:\Sanity Suite\sanity\target\surefire-reports\html\screenshots\TA35_Validate_RetrievingPassword_HOHuser-1-03Feb16_105614.png' height='50' width='50'/><br></a>]]>
    </line>
    <line>
      <![CDATA[1<br/>]]>
    </line>
    <line>
      <![CDATA[Stage<br/>]]>
    </line>
    <line>
      <![CDATA[null<br/>]]>
    </line>
    <line>
      <![CDATA[=====================================================================================<br/>]]>
    </line>
    <line>
      <![CDATA[<<<*** START: ForgotPassword.TA37_Validate_RetrievingPassword_AdminUser ***>>> <br/>]]>
    </line>
    <line>
      <![CDATA[<<<*** END: ForgotPassword.TA37_Validate_RetrievingPassword_AdminUser ***>>> <br/>]]>
    </line>
    <line>
      <![CDATA[=====================================================================================<br/>]]>
    </line>
    <line>
      <![CDATA[Test Passed :com.charter.test.ForgotPassword.TA37_Validate_RetrievingPassword_AdminUser, Took 33 seconds<br/>]]>
    </line>
    <line>
      <![CDATA[1<br/>]]>
    </line>
    <line>
      <![CDATA[Stage<br/>]]>
    </line>
    <line>
      <![CDATA[null<br/>]]>
    </line>
    <line>
      <![CDATA[=====================================================================================<br/>]]>
    </line>
    <line>
      <![CDATA[<<<*** START: ForgotPassword.TA38_Validate_RetrievingPassword_StandardUser ***>>> <br/>]]>
    </line>
    <line>
      <![CDATA[<<<*** END: ForgotPassword.TA38_Validate_RetrievingPassword_StandardUser ***>>> <br/>]]>
    </line>
    <line>
      <![CDATA[=====================================================================================<br/>]]>
    </line>
    <line>
      <![CDATA[Test Passed :com.charter.test.ForgotPassword.TA38_Validate_RetrievingPassword_StandardUser, Took 31 seconds<br/>]]>
    </line>
    <line>
      <![CDATA[1<br/>]]>
    </line>
    <line>
      <![CDATA[Stage<br/>]]>
    </line>
    <line>
      <![CDATA[null<br/>]]>
    </line>
    <line>
      <![CDATA[=====================================================================================<br/>]]>
    </line>
    <line>
      <![CDATA[<<<*** START: ForgotUsername.TA50_Validate_ForgotUsername_Non_Converted_MS_Login ***>>> <br/>]]>
    </line>
    <line>
      <![CDATA[<<<*** END: ForgotUsername.TA50_Validate_ForgotUsername_Non_Converted_MS_Login ***>>> <br/>]]>
    </line>
    <line>
      <![CDATA[=====================================================================================<br/>]]>
    </line>
    <line>
      <![CDATA[Test Passed :com.charter.test.ForgotUsername.TA50_Validate_ForgotUsername_Non_Converted_MS_Login, Took 20 seconds<br/>]]>
    </line>
    <line>
      <![CDATA[1<br/>]]>
    </line>
    <line>
      <![CDATA[Stage<br/>]]>
    </line>
    <line>
      <![CDATA[null<br/>]]>
    </line>
    <line>
      <![CDATA[=====================================================================================<br/>]]>
    </line>
    <line>
      <![CDATA[<<<*** START: ForgotUsername.TA051_Validate_ForgotUsername_Non_Converted_CharterID ***>>> <br/>]]>
    </line>
    <line>
      <![CDATA[<<<*** END: ForgotUsername.TA051_Validate_ForgotUsername_Non_Converted_CharterID ***>>> <br/>]]>
    </line>
    <line>
      <![CDATA[=====================================================================================<br/>]]>
    </line>
    <line>
      <![CDATA[Test Passed :com.charter.test.ForgotUsername.TA051_Validate_ForgotUsername_Non_Converted_CharterID, Took 22 seconds<br/>]]>
    </line>
    <line>
      <![CDATA[1<br/>]]>
    </line>
    <line>
      <![CDATA[Stage<br/>]]>
    </line>
    <line>
      <![CDATA[null<br/>]]>
    </line>
    <line>
      <![CDATA[=====================================================================================<br/>]]>
    </line>
    <line>
      <![CDATA[<<<*** START: ForgotUsername.TA20_Validate_RetrievingChaterID_HOHuser ***>>> <br/>]]>
    </line>
    <line>
      <![CDATA[<<<*** END: ForgotUsername.TA20_Validate_RetrievingChaterID_HOHuser ***>>> <br/>]]>
    </line>
    <line>
      <![CDATA[=====================================================================================<br/>]]>
    </line>
    <line>
      <![CDATA[Test Passed :com.charter.test.ForgotUsername.TA20_Validate_RetrievingChaterID_HOHuser, Took 29 seconds<br/>]]>
    </line>
    <line>
      <![CDATA[1<br/>]]>
    </line>
    <line>
      <![CDATA[Stage<br/>]]>
    </line>
    <line>
      <![CDATA[null<br/>]]>
    </line>
    <line>
      <![CDATA[=====================================================================================<br/>]]>
    </line>
    <line>
      <![CDATA[<<<*** START: ForgotUsername.TA21_Validate_RetrievingChaterID_AdminUser ***>>> <br/>]]>
    </line>
    <line>
      <![CDATA[<<<*** END: ForgotUsername.TA21_Validate_RetrievingChaterID_AdminUser ***>>> <br/>]]>
    </line>
    <line>
      <![CDATA[=====================================================================================<br/>]]>
    </line>
    <line>
      <![CDATA[Test Passed :com.charter.test.ForgotUsername.TA21_Validate_RetrievingChaterID_AdminUser, Took 27 seconds<br/>]]>
    </line>
    <line>
      <![CDATA[1<br/>]]>
    </line>
    <line>
      <![CDATA[Stage<br/>]]>
    </line>
    <line>
      <![CDATA[null<br/>]]>
    </line>
    <line>
      <![CDATA[=====================================================================================<br/>]]>
    </line>
    <line>
      <![CDATA[<<<*** START: ForgotUsername.TA22_Validate_RetrievingChaterID_StandardUser ***>>> <br/>]]>
    </line>
    <line>
      <![CDATA[<<<*** END: ForgotUsername.TA22_Validate_RetrievingChaterID_StandardUser ***>>> <br/>]]>
    </line>
    <line>
      <![CDATA[=====================================================================================<br/>]]>
    </line>
    <line>
      <![CDATA[Test Passed :com.charter.test.ForgotUsername.TA22_Validate_RetrievingChaterID_StandardUser, Took 21 seconds<br/>]]>
    </line>
    <line>
      <![CDATA[1<br/>]]>
    </line>
    <line>
      <![CDATA[Stage<br/>]]>
    </line>
    <line>
      <![CDATA[null<br/>]]>
    </line>
    <line>
      <![CDATA[=====================================================================================<br/>]]>
    </line>
    <line>
      <![CDATA[<<<*** START: CharterDotCom.TE01_Validate_Navigation_from_charterDotCom_with_Login_option_and_Verify_CreateIDbutton_inLoginpage ***>>> <br/>]]>
    </line>
    <line>
      <![CDATA[<<<*** END: CharterDotCom.TE01_Validate_Navigation_from_charterDotCom_with_Login_option_and_Verify_CreateIDbutton_inLoginpage ***>>> <br/>]]>
    </line>
    <line>
      <![CDATA[=====================================================================================<br/>]]>
    </line>
    <line>
      <![CDATA[Test Passed :com.charter.test.CharterDotCom.TE01_Validate_Navigation_from_charterDotCom_with_Login_option_and_Verify_CreateIDbutton_inLoginpage, Took 27 seconds<br/>]]>
    </line>
    <line>
      <![CDATA[1<br/>]]>
    </line>
    <line>
      <![CDATA[Stage<br/>]]>
    </line>
    <line>
      <![CDATA[null<br/>]]>
    </line>
    <line>
      <![CDATA[=====================================================================================<br/>]]>
    </line>
    <line>
      <![CDATA[<<<*** START: CharterDotCom.TE02_Validate_Navigation_from_charterDotCom_with_Login_option_and_Verify_ForgotUsername_Link_inLoginpage ***>>> <br/>]]>
    </line>
    <line>
      <![CDATA[<<<*** END: CharterDotCom.TE02_Validate_Navigation_from_charterDotCom_with_Login_option_and_Verify_ForgotUsername_Link_inLoginpage ***>>> <br/>]]>
    </line>
    <line>
      <![CDATA[=====================================================================================<br/>]]>
    </line>
    <line>
      <![CDATA[Test Passed :com.charter.test.CharterDotCom.TE02_Validate_Navigation_from_charterDotCom_with_Login_option_and_Verify_ForgotUsername_Link_inLoginpage, Took 21 seconds<br/>]]>
    </line>
    <line>
      <![CDATA[1<br/>]]>
    </line>
    <line>
      <![CDATA[Stage<br/>]]>
    </line>
    <line>
      <![CDATA[null<br/>]]>
    </line>
    <line>
      <![CDATA[=====================================================================================<br/>]]>
    </line>
    <line>
      <![CDATA[<<<*** START: CharterDotCom.TE03_Validate_Navigation_from_charterDotCom_with_Login_option_and_Verify_ForgotPassword_Link_inLoginpage ***>>> <br/>]]>
    </line>
    <line>
      <![CDATA[<<<*** END: CharterDotCom.TE03_Validate_Navigation_from_charterDotCom_with_Login_option_and_Verify_ForgotPassword_Link_inLoginpage ***>>> <br/>]]>
    </line>
    <line>
      <![CDATA[=====================================================================================<br/>]]>
    </line>
    <line>
      <![CDATA[Test Passed :com.charter.test.CharterDotCom.TE03_Validate_Navigation_from_charterDotCom_with_Login_option_and_Verify_ForgotPassword_Link_inLoginpage, Took 21 seconds<br/>]]>
    </line>
    <line>
      <![CDATA[1<br/>]]>
    </line>
    <line>
      <![CDATA[Stage<br/>]]>
    </line>
    <line>
      <![CDATA[null<br/>]]>
    </line>
    <line>
      <![CDATA[=====================================================================================<br/>]]>
    </line>
    <line>
      <![CDATA[<<<*** START: CharterDotCom.TE05_Validate_CharterDotCom_LoginOption ***>>> <br/>]]>
    </line>
    <line>
      <![CDATA[<<<*** END: CharterDotCom.TE05_Validate_CharterDotCom_LoginOption ***>>> <br/>]]>
    </line>
    <line>
      <![CDATA[=====================================================================================<br/>]]>
    </line>
    <line>
      <![CDATA[Test Passed :com.charter.test.CharterDotCom.TE05_Validate_CharterDotCom_LoginOption, Took 21 seconds<br/>]]>
    </line>
    <line>
      <![CDATA[1<br/>]]>
    </line>
    <line>
      <![CDATA[Stage<br/>]]>
    </line>
    <line>
      <![CDATA[null<br/>]]>
    </line>
    <line>
      <![CDATA[=====================================================================================<br/>]]>
    </line>
    <line>
      <![CDATA[<<<*** START: CharterDotCom.TE06_Validate_Navigation_from_charterDotCom_with_Login_option_and_Verify_Business_Customers_Link_inLoginpage ***>>> <br/>]]>
    </line>
    <line>
      <![CDATA[<<<*** END: CharterDotCom.TE06_Validate_Navigation_from_charterDotCom_with_Login_option_and_Verify_Business_Customers_Link_inLoginpage ***>>> <br/>]]>
    </line>
    <line>
      <![CDATA[=====================================================================================<br/>]]>
    </line>
    <line>
      <![CDATA[Test Failed :com.charter.test.CharterDotCom.TE06_Validate_Navigation_from_charterDotCom_with_Login_option_and_Verify_Business_Customers_Link_inLoginpage, Took 40 seconds<br/>]]>
    </line>
    <line>
      <![CDATA[<a href='D:\Sanity Suite\sanity\target\surefire-reports\html\screenshots\TE06_Validate_Navigation_from_charterDotCom_with_Login_option_and_Verify_Business_Customers_Link_inLoginpage-1-03Feb16_110326.png'><img src='D:\Sanity Suite\sanity\target\surefire-reports\html\screenshots\TE06_Validate_Navigation_from_charterDotCom_with_Login_option_and_Verify_Business_Customers_Link_inLoginpage-1-03Feb16_110326.png' height='50' width='50'/><br></a>]]>
    </line>
    <line>
      <![CDATA[1<br/>]]>
    </line>
    <line>
      <![CDATA[Stage<br/>]]>
    </line>
    <line>
      <![CDATA[null<br/>]]>
    </line>
    <line>
      <![CDATA[=====================================================================================<br/>]]>
    </line>
    <line>
      <![CDATA[<<<*** START: Home.TH03_Validate_TVGuideLink_NavigateTo_GuidePage_StandardUser ***>>> <br/>]]>
    </line>
    <line>
      <![CDATA[<<<*** END: Home.TH03_Validate_TVGuideLink_NavigateTo_GuidePage_StandardUser ***>>> <br/>]]>
    </line>
    <line>
      <![CDATA[=====================================================================================<br/>]]>
    </line>
    <line>
      <![CDATA[Test Passed :com.charter.test.Home.TH03_Validate_TVGuideLink_NavigateTo_GuidePage_StandardUser, Took 27 seconds<br/>]]>
    </line>
    <line>
      <![CDATA[1<br/>]]>
    </line>
    <line>
      <![CDATA[Stage<br/>]]>
    </line>
    <line>
      <![CDATA[null<br/>]]>
    </line>
    <line>
      <![CDATA[=====================================================================================<br/>]]>
    </line>
    <line>
      <![CDATA[<<<*** START: Home.TH04_Validate_OnDemandLink_NavigateTo_OnDemandPage_StandardUser ***>>> <br/>]]>
    </line>
    <line>
      <![CDATA[<<<*** END: Home.TH04_Validate_OnDemandLink_NavigateTo_OnDemandPage_StandardUser ***>>> <br/>]]>
    </line>
    <line>
      <![CDATA[=====================================================================================<br/>]]>
    </line>
    <line>
      <![CDATA[Test Passed :com.charter.test.Home.TH04_Validate_OnDemandLink_NavigateTo_OnDemandPage_StandardUser, Took 30 seconds<br/>]]>
    </line>
    <line>
      <![CDATA[1<br/>]]>
    </line>
    <line>
      <![CDATA[Stage<br/>]]>
    </line>
    <line>
      <![CDATA[null<br/>]]>
    </line>
    <line>
      <![CDATA[=====================================================================================<br/>]]>
    </line>
    <line>
      <![CDATA[<<<*** START: Home.TH05_Validate_GetSupportLink_NavigateTo_GetSupportPage_HOHuser ***>>> <br/>]]>
    </line>
    <line>
      <![CDATA[<<<*** END: Home.TH05_Validate_GetSupportLink_NavigateTo_GetSupportPage_HOHuser ***>>> <br/>]]>
    </line>
    <line>
      <![CDATA[=====================================================================================<br/>]]>
    </line>
    <line>
      <![CDATA[Test Passed :com.charter.test.Home.TH05_Validate_GetSupportLink_NavigateTo_GetSupportPage_HOHuser, Took 41 seconds<br/>]]>
    </line>
    <line>
      <![CDATA[1<br/>]]>
    </line>
    <line>
      <![CDATA[Stage<br/>]]>
    </line>
    <line>
      <![CDATA[null<br/>]]>
    </line>
    <line>
      <![CDATA[=====================================================================================<br/>]]>
    </line>
    <line>
      <![CDATA[<<<*** START: Home.TH06_Validate_FindACharterStoreLink_NavigateTo_LocationPage_HOHuser ***>>> <br/>]]>
    </line>
    <line>
      <![CDATA[<<<*** END: Home.TH06_Validate_FindACharterStoreLink_NavigateTo_LocationPage_HOHuser ***>>> <br/>]]>
    </line>
    <line>
      <![CDATA[=====================================================================================<br/>]]>
    </line>
    <line>
      <![CDATA[Test Failed :com.charter.test.Home.TH06_Validate_FindACharterStoreLink_NavigateTo_LocationPage_HOHuser, Took 260 seconds<br/>]]>
    </line>
    <line>
      <![CDATA[<a href='D:\Sanity Suite\sanity\target\surefire-reports\html\screenshots\TH06_Validate_FindACharterStoreLink_NavigateTo_LocationPage_HOHuser-1-03Feb16_110944.png'><img src='D:\Sanity Suite\sanity\target\surefire-reports\html\screenshots\TH06_Validate_FindACharterStoreLink_NavigateTo_LocationPage_HOHuser-1-03Feb16_110944.png' height='50' width='50'/><br></a>]]>
    </line>
    <line>
      <![CDATA[1<br/>]]>
    </line>
    <line>
      <![CDATA[Stage<br/>]]>
    </line>
    <line>
      <![CDATA[null<br/>]]>
    </line>
    <line>
      <![CDATA[=====================================================================================<br/>]]>
    </line>
    <line>
      <![CDATA[<<<*** START: Home.TH07_Validate_WatchAnywhere_LiveTVTab_HOHuser ***>>> <br/>]]>
    </line>
    <line>
      <![CDATA[Expected value: Watch Anywhere Actual value: Watch Anywhere - PASSED : Watch Anywhere Option for Live TV Tab<br/>]]>
    </line>
    <line>
      <![CDATA[<<<*** END: Home.TH07_Validate_WatchAnywhere_LiveTVTab_HOHuser ***>>> <br/>]]>
    </line>
    <line>
      <![CDATA[=====================================================================================<br/>]]>
    </line>
    <line>
      <![CDATA[Test Passed :com.charter.test.Home.TH07_Validate_WatchAnywhere_LiveTVTab_HOHuser, Took 21 seconds<br/>]]>
    </line>
    <line>
      <![CDATA[1<br/>]]>
    </line>
    <line>
      <![CDATA[Stage<br/>]]>
    </line>
    <line>
      <![CDATA[null<br/>]]>
    </line>
    <line>
      <![CDATA[=====================================================================================<br/>]]>
    </line>
    <line>
      <![CDATA[<<<*** START: Home.TH08_Validate_WatchAnywhere_OnDemandTab_HOHuser ***>>> <br/>]]>
    </line>
    <line>
      <![CDATA[Expected value: Watch Anywhere Actual value: Watch Anywhere - PASSED : Watch Anywhere Option for OnDemand Tab<br/>]]>
    </line>
    <line>
      <![CDATA[<<<*** END: Home.TH08_Validate_WatchAnywhere_OnDemandTab_HOHuser ***>>> <br/>]]>
    </line>
    <line>
      <![CDATA[=====================================================================================<br/>]]>
    </line>
    <line>
      <![CDATA[Test Passed :com.charter.test.Home.TH08_Validate_WatchAnywhere_OnDemandTab_HOHuser, Took 21 seconds<br/>]]>
    </line>
    <line>
      <![CDATA[1<br/>]]>
    </line>
    <line>
      <![CDATA[Stage<br/>]]>
    </line>
    <line>
      <![CDATA[null<br/>]]>
    </line>
    <line>
      <![CDATA[=====================================================================================<br/>]]>
    </line>
    <line>
      <![CDATA[<<<*** START: Home.TH09_Validate_WatchAnywhere_NetworkTab_HOHuser ***>>> <br/>]]>
    </line>
    <line>
      <![CDATA[Expected value: Watch Anywhere Actual value: Watch Anywhere - PASSED : Watch Anywhere Option for OnDemand Tab<br/>]]>
    </line>
    <line>
      <![CDATA[<<<*** END: Home.TH09_Validate_WatchAnywhere_NetworkTab_HOHuser ***>>> <br/>]]>
    </line>
    <line>
      <![CDATA[=====================================================================================<br/>]]>
    </line>
    <line>
      <![CDATA[Test Passed :com.charter.test.Home.TH09_Validate_WatchAnywhere_NetworkTab_HOHuser, Took 20 seconds<br/>]]>
    </line>
    <line>
      <![CDATA[1<br/>]]>
    </line>
    <line>
      <![CDATA[Stage<br/>]]>
    </line>
    <line>
      <![CDATA[null<br/>]]>
    </line>
    <line>
      <![CDATA[=====================================================================================<br/>]]>
    </line>
    <line>
      <![CDATA[<<<*** START: Home.TH12_Validate_HomePage_EmailIcon_HOHuser ***>>> <br/>]]>
    </line>
    <line>
      <![CDATA[<<<*** END: Home.TH12_Validate_HomePage_EmailIcon_HOHuser ***>>> <br/>]]>
    </line>
    <line>
      <![CDATA[=====================================================================================<br/>]]>
    </line>
    <line>
      <![CDATA[Test Passed :com.charter.test.Home.TH12_Validate_HomePage_EmailIcon_HOHuser, Took 32 seconds<br/>]]>
    </line>
    <line>
      <![CDATA[1<br/>]]>
    </line>
    <line>
      <![CDATA[Stage<br/>]]>
    </line>
    <line>
      <![CDATA[null<br/>]]>
    </line>
    <line>
      <![CDATA[=====================================================================================<br/>]]>
    </line>
    <line>
      <![CDATA[<<<*** START: Home.TH13_Validate_HomePage_VoicemailIcon_HOHuser ***>>> <br/>]]>
    </line>
    <line>
      <![CDATA[<<<*** END: Home.TH13_Validate_HomePage_VoicemailIcon_HOHuser ***>>> <br/>]]>
    </line>
    <line>
      <![CDATA[=====================================================================================<br/>]]>
    </line>
    <line>
      <![CDATA[Test Passed :com.charter.test.Home.TH13_Validate_HomePage_VoicemailIcon_HOHuser, Took 20 seconds<br/>]]>
    </line>
    <line>
      <![CDATA[1<br/>]]>
    </line>
    <line>
      <![CDATA[Stage<br/>]]>
    </line>
    <line>
      <![CDATA[null<br/>]]>
    </line>
    <line>
      <![CDATA[=====================================================================================<br/>]]>
    </line>
    <line>
      <![CDATA[<<<*** START: Home.TH17_Validate_WatchTV_NavigateTo_WatchTVOverviewPage_HOHUser ***>>> <br/>]]>
    </line>
    <line>
      <![CDATA[<<<*** END: Home.TH17_Validate_WatchTV_NavigateTo_WatchTVOverviewPage_HOHUser ***>>> <br/>]]>
    </line>
    <line>
      <![CDATA[=====================================================================================<br/>]]>
    </line>
    <line>
      <![CDATA[Test Passed :com.charter.test.Home.TH17_Validate_WatchTV_NavigateTo_WatchTVOverviewPage_HOHUser, Took 36 seconds<br/>]]>
    </line>
    <line>
      <![CDATA[1<br/>]]>
    </line>
    <line>
      <![CDATA[Stage<br/>]]>
    </line>
    <line>
      <![CDATA[null<br/>]]>
    </line>
    <line>
      <![CDATA[=====================================================================================<br/>]]>
    </line>
    <line>
      <![CDATA[<<<*** START: Home.TH18_Validate_MyAccount_NavigateTo_OverviewPage_HOHUser ***>>> <br/>]]>
    </line>
    <line>
      <![CDATA[<<<*** END: Home.TH18_Validate_MyAccount_NavigateTo_OverviewPage_HOHUser ***>>> <br/>]]>
    </line>
    <line>
      <![CDATA[=====================================================================================<br/>]]>
    </line>
    <line>
      <![CDATA[Test Failed :com.charter.test.Home.TH18_Validate_MyAccount_NavigateTo_OverviewPage_HOHUser, Took 482 seconds<br/>]]>
    </line>
    <line>
      <![CDATA[<a href='D:\Sanity Suite\sanity\target\surefire-reports\html\screenshots\TH18_Validate_MyAccount_NavigateTo_OverviewPage_HOHUser-1-03Feb16_112046.png'><img src='D:\Sanity Suite\sanity\target\surefire-reports\html\screenshots\TH18_Validate_MyAccount_NavigateTo_OverviewPage_HOHUser-1-03Feb16_112046.png' height='50' width='50'/><br></a>]]>
    </line>
    <line>
      <![CDATA[1<br/>]]>
    </line>
    <line>
      <![CDATA[Stage<br/>]]>
    </line>
    <line>
      <![CDATA[null<br/>]]>
    </line>
    <line>
      <![CDATA[=====================================================================================<br/>]]>
    </line>
    <line>
      <![CDATA[<<<*** START: Home.TH19_Validate_Support_NavigateTo_SupportPage_HOHUser ***>>> <br/>]]>
    </line>
    <line>
      <![CDATA[<<<*** END: Home.TH19_Validate_Support_NavigateTo_SupportPage_HOHUser ***>>> <br/>]]>
    </line>
    <line>
      <![CDATA[=====================================================================================<br/>]]>
    </line>
    <line>
      <![CDATA[Test Passed :com.charter.test.Home.TH19_Validate_Support_NavigateTo_SupportPage_HOHUser, Took 26 seconds<br/>]]>
    </line>
    <line>
      <![CDATA[1<br/>]]>
    </line>
    <line>
      <![CDATA[Stage<br/>]]>
    </line>
    <line>
      <![CDATA[null<br/>]]>
    </line>
    <line>
      <![CDATA[=====================================================================================<br/>]]>
    </line>
    <line>
      <![CDATA[<<<*** START: Home.TH20_Validate_HomePage_StaticBanner_HOHuser ***>>> <br/>]]>
    </line>
    <line>
      <![CDATA[<<<*** END: Home.TH20_Validate_HomePage_StaticBanner_HOHuser ***>>> <br/>]]>
    </line>
    <line>
      <![CDATA[=====================================================================================<br/>]]>
    </line>
    <line>
      <![CDATA[Test Passed :com.charter.test.Home.TH20_Validate_HomePage_StaticBanner_HOHuser, Took 22 seconds<br/>]]>
    </line>
    <line>
      <![CDATA[0<br/>]]>
    </line>
    <line>
      <![CDATA[Stage<br/>]]>
    </line>
    <line>
      <![CDATA[null<br/>]]>
    </line>
    <line>
      <![CDATA[=====================================================================================<br/>]]>
    </line>
    <line>
      <![CDATA[<<<*** START: Home.TH22_Validate_HomePage_Without_Login ***>>> <br/>]]>
    </line>
    <line>
      <![CDATA[<<<*** END: Home.TH22_Validate_HomePage_Without_Login ***>>> <br/>]]>
    </line>
    <line>
      <![CDATA[=====================================================================================<br/>]]>
    </line>
    <line>
      <![CDATA[Test Passed :com.charter.test.Home.TH22_Validate_HomePage_Without_Login, Took 3 seconds<br/>]]>
    </line>
    <line>
      <![CDATA[1<br/>]]>
    </line>
    <line>
      <![CDATA[Stage<br/>]]>
    </line>
    <line>
      <![CDATA[null<br/>]]>
    </line>
    <line>
      <![CDATA[=====================================================================================<br/>]]>
    </line>
    <line>
      <![CDATA[<<<*** START: MyServices.TD03_Validate_MyServicesPage_TVNonSubscribedUser_AbleToView_BannerAndSupportVideo ***>>> <br/>]]>
    </line>
    <line>
      <![CDATA[<<<*** END: MyServices.TD03_Validate_MyServicesPage_TVNonSubscribedUser_AbleToView_BannerAndSupportVideo ***>>> <br/>]]>
    </line>
    <line>
      <![CDATA[=====================================================================================<br/>]]>
    </line>
    <line>
      <![CDATA[Test Passed :com.charter.test.MyServices.TD03_Validate_MyServicesPage_TVNonSubscribedUser_AbleToView_BannerAndSupportVideo, Took 46 seconds<br/>]]>
    </line>
    <line>
      <![CDATA[1<br/>]]>
    </line>
    <line>
      <![CDATA[Stage<br/>]]>
    </line>
    <line>
      <![CDATA[null<br/>]]>
    </line>
    <line>
      <![CDATA[=====================================================================================<br/>]]>
    </line>
    <line>
      <![CDATA[<<<*** START: MyServices.TD06_Validate_MyServices_TV_Page_UpdateNickname ***>>> <br/>]]>
    </line>
    <line>
      <![CDATA[Expected value: STP143 Actual value: STP143 - PASSED : Nick name is not updated in the tv services page<br/>]]>
    </line>
    <line>
      <![CDATA[<<<*** END: MyServices.TD06_Validate_MyServices_TV_Page_UpdateNickname ***>>> <br/>]]>
    </line>
    <line>
      <![CDATA[=====================================================================================<br/>]]>
    </line>
    <line>
      <![CDATA[Test Passed :com.charter.test.MyServices.TD06_Validate_MyServices_TV_Page_UpdateNickname, Took 26 seconds<br/>]]>
    </line>
    <line>
      <![CDATA[1<br/>]]>
    </line>
    <line>
      <![CDATA[Stage<br/>]]>
    </line>
    <line>
      <![CDATA[null<br/>]]>
    </line>
    <line>
      <![CDATA[=====================================================================================<br/>]]>
    </line>
    <line>
      <![CDATA[<<<*** START: MyServices.TD13_Validate_MyServicesPage_InternetNonSubscribedUser_AbleToView_BannerAndSupportVideo ***>>> <br/>]]>
    </line>
    <line>
      <![CDATA[<<<*** END: MyServices.TD13_Validate_MyServicesPage_InternetNonSubscribedUser_AbleToView_BannerAndSupportVideo ***>>> <br/>]]>
    </line>
    <line>
      <![CDATA[=====================================================================================<br/>]]>
    </line>
    <line>
      <![CDATA[Test Passed :com.charter.test.MyServices.TD13_Validate_MyServicesPage_InternetNonSubscribedUser_AbleToView_BannerAndSupportVideo, Took 52 seconds<br/>]]>
    </line>
    <line>
      <![CDATA[1<br/>]]>
    </line>
    <line>
      <![CDATA[Stage<br/>]]>
    </line>
    <line>
      <![CDATA[null<br/>]]>
    </line>
    <line>
      <![CDATA[=====================================================================================<br/>]]>
    </line>
    <line>
      <![CDATA[<<<*** START: MyServices.TD14_Validate_MyServicesPage_ChaterEmail_NavigateTo_EmailInbox ***>>> <br/>]]>
    </line>
    <line>
      <![CDATA[<<<*** END: MyServices.TD14_Validate_MyServicesPage_ChaterEmail_NavigateTo_EmailInbox ***>>> <br/>]]>
    </line>
    <line>
      <![CDATA[=====================================================================================<br/>]]>
    </line>
    <line>
      <![CDATA[Test Passed :com.charter.test.MyServices.TD14_Validate_MyServicesPage_ChaterEmail_NavigateTo_EmailInbox, Took 31 seconds<br/>]]>
    </line>
    <line>
      <![CDATA[1<br/>]]>
    </line>
    <line>
      <![CDATA[Stage<br/>]]>
    </line>
    <line>
      <![CDATA[null<br/>]]>
    </line>
    <line>
      <![CDATA[=====================================================================================<br/>]]>
    </line>
    <line>
      <![CDATA[<<<*** START: MyServices.TD16_Validate_MyservicesPage_SecuritySuite_NavigateTo_ChaterSecuritySuite ***>>> <br/>]]>
    </line>
    <line>
      <![CDATA[<<<*** END: MyServices.TD16_Validate_MyservicesPage_SecuritySuite_NavigateTo_ChaterSecuritySuite ***>>> <br/>]]>
    </line>
    <line>
      <![CDATA[=====================================================================================<br/>]]>
    </line>
    <line>
      <![CDATA[Test Passed :com.charter.test.MyServices.TD16_Validate_MyservicesPage_SecuritySuite_NavigateTo_ChaterSecuritySuite, Took 28 seconds<br/>]]>
    </line>
    <line>
      <![CDATA[1<br/>]]>
    </line>
    <line>
      <![CDATA[Stage<br/>]]>
    </line>
    <line>
      <![CDATA[null<br/>]]>
    </line>
    <line>
      <![CDATA[=====================================================================================<br/>]]>
    </line>
    <line>
      <![CDATA[<<<*** START: MyServices.TD22_Validate_MyServicesPage_VoiceNonSubscribedUser_AbleToView_BannerAndSupportVideo ***>>> <br/>]]>
    </line>
    <line>
      <![CDATA[<<<*** END: MyServices.TD22_Validate_MyServicesPage_VoiceNonSubscribedUser_AbleToView_BannerAndSupportVideo ***>>> <br/>]]>
    </line>
    <line>
      <![CDATA[=====================================================================================<br/>]]>
    </line>
    <line>
      <![CDATA[Test Passed :com.charter.test.MyServices.TD22_Validate_MyServicesPage_VoiceNonSubscribedUser_AbleToView_BannerAndSupportVideo, Took 46 seconds<br/>]]>
    </line>
    <line>
      <![CDATA[1<br/>]]>
    </line>
    <line>
      <![CDATA[Stage<br/>]]>
    </line>
    <line>
      <![CDATA[null<br/>]]>
    </line>
    <line>
      <![CDATA[=====================================================================================<br/>]]>
    </line>
    <line>
      <![CDATA[<<<*** START: MyServices.TD23_Validate_MyServicesPage_CharterPhoneLink_NavigateTo_PhoneOnlineManagerPage ***>>> <br/>]]>
    </line>
    <line>
      <![CDATA[<<<*** END: MyServices.TD23_Validate_MyServicesPage_CharterPhoneLink_NavigateTo_PhoneOnlineManagerPage ***>>> <br/>]]>
    </line>
    <line>
      <![CDATA[=====================================================================================<br/>]]>
    </line>
    <line>
      <![CDATA[Test Passed :com.charter.test.MyServices.TD23_Validate_MyServicesPage_CharterPhoneLink_NavigateTo_PhoneOnlineManagerPage, Took 32 seconds<br/>]]>
    </line>
    <line>
      <![CDATA[1<br/>]]>
    </line>
    <line>
      <![CDATA[Stage<br/>]]>
    </line>
    <line>
      <![CDATA[null<br/>]]>
    </line>
    <line>
      <![CDATA[=====================================================================================<br/>]]>
    </line>
    <line>
      <![CDATA[<<<*** START: MyServices.TD25_Validate_MyServicesPage_LinksWithLogin ***>>> <br/>]]>
    </line>
    <line>
      <![CDATA[<<<*** END: MyServices.TD25_Validate_MyServicesPage_LinksWithLogin ***>>> <br/>]]>
    </line>
    <line>
      <![CDATA[=====================================================================================<br/>]]>
    </line>
    <line>
      <![CDATA[Test Passed :com.charter.test.MyServices.TD25_Validate_MyServicesPage_LinksWithLogin, Took 35 seconds<br/>]]>
    </line>
    <line>
      <![CDATA[0<br/>]]>
    </line>
    <line>
      <![CDATA[Stage<br/>]]>
    </line>
    <line>
      <![CDATA[null<br/>]]>
    </line>
    <line>
      <![CDATA[=====================================================================================<br/>]]>
    </line>
    <line>
      <![CDATA[<<<*** START: MyServices.TD26_Validate_MyServicesPage_LinksWithOutLogin ***>>> <br/>]]>
    </line>
    <line>
      <![CDATA[<<<*** END: MyServices.TD26_Validate_MyServicesPage_LinksWithOutLogin ***>>> <br/>]]>
    </line>
    <line>
      <![CDATA[=====================================================================================<br/>]]>
    </line>
    <line>
      <![CDATA[Test Passed :com.charter.test.MyServices.TD26_Validate_MyServicesPage_LinksWithOutLogin, Took 22 seconds<br/>]]>
    </line>
    <line>
      <![CDATA[1<br/>]]>
    </line>
    <line>
      <![CDATA[Stage<br/>]]>
    </line>
    <line>
      <![CDATA[null<br/>]]>
    </line>
    <line>
      <![CDATA[=====================================================================================<br/>]]>
    </line>
    <line>
      <![CDATA[<<<*** START: MyAccount.TC39_Validate_BillingAndTransactionPage_AskCharterWidget_HOHUser ***>>> <br/>]]>
    </line>
    <line>
      <![CDATA[<<<*** END: MyAccount.TC39_Validate_BillingAndTransactionPage_AskCharterWidget_HOHUser ***>>> <br/>]]>
    </line>
    <line>
      <![CDATA[=====================================================================================<br/>]]>
    </line>
    <line>
      <![CDATA[Test Passed :com.charter.test.MyAccount.TC39_Validate_BillingAndTransactionPage_AskCharterWidget_HOHUser, Took 36 seconds<br/>]]>
    </line>
    <line>
      <![CDATA[1<br/>]]>
    </line>
    <line>
      <![CDATA[Stage<br/>]]>
    </line>
    <line>
      <![CDATA[null<br/>]]>
    </line>
    <line>
      <![CDATA[=====================================================================================<br/>]]>
    </line>
    <line>
      <![CDATA[<<<*** START: MyAccount.TC43_Validate_TVServicesPage_AskCharterWidget_HOHUser ***>>> <br/>]]>
    </line>
    <line>
      <![CDATA[<<<*** END: MyAccount.TC43_Validate_TVServicesPage_AskCharterWidget_HOHUser ***>>> <br/>]]>
    </line>
    <line>
      <![CDATA[=====================================================================================<br/>]]>
    </line>
    <line>
      <![CDATA[Test Passed :com.charter.test.MyAccount.TC43_Validate_TVServicesPage_AskCharterWidget_HOHUser, Took 31 seconds<br/>]]>
    </line>
    <line>
      <![CDATA[1<br/>]]>
    </line>
    <line>
      <![CDATA[Stage<br/>]]>
    </line>
    <line>
      <![CDATA[null<br/>]]>
    </line>
    <line>
      <![CDATA[=====================================================================================<br/>]]>
    </line>
    <line>
      <![CDATA[<<<*** START: MyAccount.TC49_Validate_InternetServicesPage_AskCharterWidget_HOHUser ***>>> <br/>]]>
    </line>
    <line>
      <![CDATA[<<<*** END: MyAccount.TC49_Validate_InternetServicesPage_AskCharterWidget_HOHUser ***>>> <br/>]]>
    </line>
    <line>
      <![CDATA[=====================================================================================<br/>]]>
    </line>
    <line>
      <![CDATA[Test Passed :com.charter.test.MyAccount.TC49_Validate_InternetServicesPage_AskCharterWidget_HOHUser, Took 29 seconds<br/>]]>
    </line>
    <line>
      <![CDATA[1<br/>]]>
    </line>
    <line>
      <![CDATA[Stage<br/>]]>
    </line>
    <line>
      <![CDATA[null<br/>]]>
    </line>
    <line>
      <![CDATA[=====================================================================================<br/>]]>
    </line>
    <line>
      <![CDATA[<<<*** START: MyAccount.TC51_Validate_InternetServicesPage_CharterEmailLink_NavigateTo_ChaterEmail_HOHUser ***>>> <br/>]]>
    </line>
    <line>
      <![CDATA[<<<*** END: MyAccount.TC51_Validate_InternetServicesPage_CharterEmailLink_NavigateTo_ChaterEmail_HOHUser ***>>> <br/>]]>
    </line>
    <line>
      <![CDATA[=====================================================================================<br/>]]>
    </line>
    <line>
      <![CDATA[Test Passed :com.charter.test.MyAccount.TC51_Validate_InternetServicesPage_CharterEmailLink_NavigateTo_ChaterEmail_HOHUser, Took 28 seconds<br/>]]>
    </line>
    <line>
      <![CDATA[1<br/>]]>
    </line>
    <line>
      <![CDATA[Stage<br/>]]>
    </line>
    <line>
      <![CDATA[null<br/>]]>
    </line>
    <line>
      <![CDATA[=====================================================================================<br/>]]>
    </line>
    <line>
      <![CDATA[<<<*** START: MyAccount.TC52_Validate_InternetServicesPage_CharterSecurityLink_NavigateTo_CharterSecurityPage_HOHUser ***>>> <br/>]]>
    </line>
    <line>
      <![CDATA[<<<*** END: MyAccount.TC52_Validate_InternetServicesPage_CharterSecurityLink_NavigateTo_CharterSecurityPage_HOHUser ***>>> <br/>]]>
    </line>
    <line>
      <![CDATA[=====================================================================================<br/>]]>
    </line>
    <line>
      <![CDATA[Test Passed :com.charter.test.MyAccount.TC52_Validate_InternetServicesPage_CharterSecurityLink_NavigateTo_CharterSecurityPage_HOHUser, Took 25 seconds<br/>]]>
    </line>
    <line>
      <![CDATA[1<br/>]]>
    </line>
    <line>
      <![CDATA[Stage<br/>]]>
    </line>
    <line>
      <![CDATA[null<br/>]]>
    </line>
    <line>
      <![CDATA[=====================================================================================<br/>]]>
    </line>
    <line>
      <![CDATA[<<<*** START: MyAccount.TC54_Validate_VoiceServicesPage_Navigation_AndVerifyHeaderLinks ***>>> <br/>]]>
    </line>
    <line>
      <![CDATA[<<<*** END: MyAccount.TC54_Validate_VoiceServicesPage_Navigation_AndVerifyHeaderLinks ***>>> <br/>]]>
    </line>
    <line>
      <![CDATA[=====================================================================================<br/>]]>
    </line>
    <line>
      <![CDATA[Test Passed :com.charter.test.MyAccount.TC54_Validate_VoiceServicesPage_Navigation_AndVerifyHeaderLinks, Took 32 seconds<br/>]]>
    </line>
    <line>
      <![CDATA[1<br/>]]>
    </line>
    <line>
      <![CDATA[Stage<br/>]]>
    </line>
    <line>
      <![CDATA[null<br/>]]>
    </line>
    <line>
      <![CDATA[=====================================================================================<br/>]]>
    </line>
    <line>
      <![CDATA[<<<*** START: MyAccount.TC57_Validate_VoiceServicesPage_AskCharterWidget_HOHUser ***>>> <br/>]]>
    </line>
    <line>
      <![CDATA[<<<*** END: MyAccount.TC57_Validate_VoiceServicesPage_AskCharterWidget_HOHUser ***>>> <br/>]]>
    </line>
    <line>
      <![CDATA[=====================================================================================<br/>]]>
    </line>
    <line>
      <![CDATA[Test Passed :com.charter.test.MyAccount.TC57_Validate_VoiceServicesPage_AskCharterWidget_HOHUser, Took 31 seconds<br/>]]>
    </line>
    <line>
      <![CDATA[1<br/>]]>
    </line>
    <line>
      <![CDATA[Stage<br/>]]>
    </line>
    <line>
      <![CDATA[null<br/>]]>
    </line>
    <line>
      <![CDATA[=====================================================================================<br/>]]>
    </line>
    <line>
      <![CDATA[<<<*** START: MyAccount.TC01_Validate_OverviewPageHeaders_HOHUser ***>>> <br/>]]>
    </line>
    <line>
      <![CDATA[Expected value: Billing Actual value: Billing - PASSED : BTSection<br/>]]>
    </line>
    <line>
      <![CDATA[<<<*** END: MyAccount.TC01_Validate_OverviewPageHeaders_HOHUser ***>>> <br/>]]>
    </line>
    <line>
      <![CDATA[=====================================================================================<br/>]]>
    </line>
    <line>
      <![CDATA[Test Passed :com.charter.test.MyAccount.TC01_Validate_OverviewPageHeaders_HOHUser, Took 27 seconds<br/>]]>
    </line>
    <line>
      <![CDATA[1<br/>]]>
    </line>
    <line>
      <![CDATA[Stage<br/>]]>
    </line>
    <line>
      <![CDATA[null<br/>]]>
    </line>
    <line>
      <![CDATA[=====================================================================================<br/>]]>
    </line>
    <line>
      <![CDATA[<<<*** START: MyAccount.TC02_Validate_BillingandTransactionSection_HOHUser ***>>> <br/>]]>
    </line>
    <line>
      <![CDATA[<<<*** END: MyAccount.TC02_Validate_BillingandTransactionSection_HOHUser ***>>> <br/>]]>
    </line>
    <line>
      <![CDATA[=====================================================================================<br/>]]>
    </line>
    <line>
      <![CDATA[Test Passed :com.charter.test.MyAccount.TC02_Validate_BillingandTransactionSection_HOHUser, Took 39 seconds<br/>]]>
    </line>
    <line>
      <![CDATA[1<br/>]]>
    </line>
    <line>
      <![CDATA[Stage<br/>]]>
    </line>
    <line>
      <![CDATA[null<br/>]]>
    </line>
    <line>
      <![CDATA[=====================================================================================<br/>]]>
    </line>
    <line>
      <![CDATA[<<<*** START: MyAccount.TC03_Validate_AskCharterWidget_HOHUser ***>>> <br/>]]>
    </line>
    <line>
      <![CDATA[<<<*** END: MyAccount.TC03_Validate_AskCharterWidget_HOHUser ***>>> <br/>]]>
    </line>
    <line>
      <![CDATA[=====================================================================================<br/>]]>
    </line>
    <line>
      <![CDATA[Test Passed :com.charter.test.MyAccount.TC03_Validate_AskCharterWidget_HOHUser, Took 32 seconds<br/>]]>
    </line>
    <line>
      <![CDATA[1<br/>]]>
    </line>
    <line>
      <![CDATA[Stage<br/>]]>
    </line>
    <line>
      <![CDATA[null<br/>]]>
    </line>
    <line>
      <![CDATA[=====================================================================================<br/>]]>
    </line>
    <line>
      <![CDATA[<<<*** START: MyAccount.TC13_Validate_OverviewPage_AvatarImagesViewProfile_HOHUser ***>>> <br/>]]>
    </line>
    <line>
      <![CDATA[<<<*** END: MyAccount.TC13_Validate_OverviewPage_AvatarImagesViewProfile_HOHUser ***>>> <br/>]]>
    </line>
    <line>
      <![CDATA[=====================================================================================<br/>]]>
    </line>
    <line>
      <![CDATA[Test Passed :com.charter.test.MyAccount.TC13_Validate_OverviewPage_AvatarImagesViewProfile_HOHUser, Took 37 seconds<br/>]]>
    </line>
    <line>
      <![CDATA[1<br/>]]>
    </line>
    <line>
      <![CDATA[Stage<br/>]]>
    </line>
    <line>
      <![CDATA[null<br/>]]>
    </line>
    <line>
      <![CDATA[=====================================================================================<br/>]]>
    </line>
    <line>
      <![CDATA[<<<*** START: MyAccount.TC14_Validate_OverviewPage_NickNameLink_NavigationTo_TVServices ***>>> <br/>]]>
    </line>
    <line>
      <![CDATA[<<<*** END: MyAccount.TC14_Validate_OverviewPage_NickNameLink_NavigationTo_TVServices ***>>> <br/>]]>
    </line>
    <line>
      <![CDATA[=====================================================================================<br/>]]>
    </line>
    <line>
      <![CDATA[Test Passed :com.charter.test.MyAccount.TC14_Validate_OverviewPage_NickNameLink_NavigationTo_TVServices, Took 42 seconds<br/>]]>
    </line>
    <line>
      <![CDATA[1<br/>]]>
    </line>
    <line>
      <![CDATA[Stage<br/>]]>
    </line>
    <line>
      <![CDATA[null<br/>]]>
    </line>
    <line>
      <![CDATA[=====================================================================================<br/>]]>
    </line>
    <line>
      <![CDATA[<<<*** START: MyAccount.TC16_Validate_OverviewPage_CheckEmailLink_NavigationTo_Webmail ***>>> <br/>]]>
    </line>
    <line>
      <![CDATA[<<<*** END: MyAccount.TC16_Validate_OverviewPage_CheckEmailLink_NavigationTo_Webmail ***>>> <br/>]]>
    </line>
    <line>
      <![CDATA[=====================================================================================<br/>]]>
    </line>
    <line>
      <![CDATA[Test Passed :com.charter.test.MyAccount.TC16_Validate_OverviewPage_CheckEmailLink_NavigationTo_Webmail, Took 28 seconds<br/>]]>
    </line>
    <line>
      <![CDATA[1<br/>]]>
    </line>
    <line>
      <![CDATA[Stage<br/>]]>
    </line>
    <line>
      <![CDATA[null<br/>]]>
    </line>
    <line>
      <![CDATA[=====================================================================================<br/>]]>
    </line>
    <line>
      <![CDATA[<<<*** START: MyAccount.TC18_Validate_OverviewPage_ServiceEquipmentPanel_Stduser ***>>> <br/>]]>
    </line>
    <line>
      <![CDATA[<<<*** END: MyAccount.TC18_Validate_OverviewPage_ServiceEquipmentPanel_Stduser ***>>> <br/>]]>
    </line>
    <line>
      <![CDATA[=====================================================================================<br/>]]>
    </line>
    <line>
      <![CDATA[Test Passed :com.charter.test.MyAccount.TC18_Validate_OverviewPage_ServiceEquipmentPanel_Stduser, Took 31 seconds<br/>]]>
    </line>
    <line>
      <![CDATA[1<br/>]]>
    </line>
    <line>
      <![CDATA[Stage<br/>]]>
    </line>
    <line>
      <![CDATA[null<br/>]]>
    </line>
    <line>
      <![CDATA[=====================================================================================<br/>]]>
    </line>
    <line>
      <![CDATA[<<<*** START: Login.TL01_Validate_ChaterValidLogin ***>>> <br/>]]>
    </line>
    <line>
      <![CDATA[<<<*** END: Login.TL01_Validate_ChaterValidLogin ***>>> <br/>]]>
    </line>
    <line>
      <![CDATA[=====================================================================================<br/>]]>
    </line>
    <line>
      <![CDATA[Test Failed :com.charter.test.Login.TL01_Validate_ChaterValidLogin, Took 84 seconds<br/>]]>
    </line>
    <line>
      <![CDATA[<a href='D:\Sanity Suite\sanity\target\surefire-reports\html\screenshots\TL01_Validate_ChaterValidLogin-1-03Feb16_113842.png'><img src='D:\Sanity Suite\sanity\target\surefire-reports\html\screenshots\TL01_Validate_ChaterValidLogin-1-03Feb16_113842.png' height='50' width='50'/><br></a>]]>
    </line>
    <line>
      <![CDATA[1<br/>]]>
    </line>
    <line>
      <![CDATA[Stage<br/>]]>
    </line>
    <line>
      <![CDATA[null<br/>]]>
    </line>
    <line>
      <![CDATA[=====================================================================================<br/>]]>
    </line>
    <line>
      <![CDATA[<<<*** START: Login.TL02_Validate_ChaterInvalidLogin ***>>> <br/>]]>
    </line>
    <line>
      <![CDATA[<<<*** END: Login.TL02_Validate_ChaterInvalidLogin ***>>> <br/>]]>
    </line>
    <line>
      <![CDATA[=====================================================================================<br/>]]>
    </line>
    <line>
      <![CDATA[Test Passed :com.charter.test.Login.TL02_Validate_ChaterInvalidLogin, Took 33 seconds<br/>]]>
    </line>
  </reporter-output>
  <suite name="Charter - Suite" duration-ms="3405526" started-at="2016-02-03T05:13:58Z" finished-at="2016-02-03T06:10:44Z">
    <groups>
    </groups>
    <test name="Stage" duration-ms="3405526" started-at="2016-02-03T05:13:58Z" finished-at="2016-02-03T06:10:44Z">
      <class name="com.charter.test.Login">
        <test-method status="PASS" signature="testSetup(java.lang.String)[pri:0, instance:com.charter.test.Login@1be656f]" name="testSetup" is-config="true" duration-ms="2819" started-at="2016-02-03T11:37:13Z" finished-at="2016-02-03T11:37:16Z">
          <params>
            <param index="0">
              <value is-null="true"/>
            </param>
          </params>
          <reporter-output>
          </reporter-output>
        </test-method> <!-- testSetup -->
        <test-method status="FAIL" signature="TL01_Validate_ChaterValidLogin(java.util.Map)[pri:0, instance:com.charter.test.Login@1be656f]" name="TL01_Validate_ChaterValidLogin" duration-ms="84773" started-at="2016-02-03T11:37:16Z" data-provider="TestDataCharter" finished-at="2016-02-03T11:38:41Z">
          <params>
            <param index="0">
              <value>
                <![CDATA[{CardNumber=, mac_CID=, security_question=, Devicenickname=, zipcode_fID=, Account_Type=, invalidLastname=, invalidPassword=, SecurityQuestion=, lastname_fp=, password=, security_answer=, Account_pom=, invalidMAC=, Zipcode=, Relogin_UserID=, Operatingsystem=, invalidEmail=, SecurityAnswer=, couponNumber=, NewRole=, UserPassword=Testing01, City=, selectUser=, PC_Unratedcontent=, ACnumber=, Relogin_Password=, charterID=, lastname=, lastname_fID=, Zipcode_fp=, State=, firstname_CID=, zipcode_CID=, ParentalControl_TV=, mac_fID=, invalidSecurityAns=, address_CID=, ParentalControl_Unratedcontent=, Message=, ParentalControl_Movie=, TestCaseId=TL01_Validate_ChaterValidLogin, PC_TV=, Password1=, searchkey=, invalidZipcode=, lastname_CID=, fLinked_CharterID=, ExpDate=, UserID=tdr33001, CardType=, UserID1=, address_fID=, CharterID_fp=, invalidAddress=, email=, AccountNumberVerify=, LegacySiteURL=, accountnumber=, FutureDate=, Statement=, Address2=, Mobilephone=, PC_Movie=, Account_DVRcontrol=, Address1=, hohuser=, ConfirmPassword=, routingnumber=, ContactEmail=, SelectDate=, ExpYear=}]]>
              </value>
            </param>
          </params>
          <exception class="org.openqa.selenium.StaleElementReferenceException">
            <message>
              <![CDATA[stale element reference: element is not attached to the page document
  (Session info: chrome=46.0.2490.71)
  (Driver info: chromedriver=2.19.346078 (6f1f0cde889532d48ce8242342d0b84f94b114a1),platform=Windows NT 6.1 SP1 x86) (WARNING: The server did not provide any stacktrace information)
Command duration or timeout: 3.72 seconds
For documentation on this error, please visit: http://seleniumhq.org/exceptions/stale_element_reference.html
Build info: version: '2.45.0', revision: '5017cb8e7ca8e37638dc3091b2440b90a1d8686f', time: '2015-02-27 09:10:26'
System info: host: 'PC273975', ip: '10.249.11.67', os.name: 'Windows 7', os.arch: 'x86', os.version: '6.1', java.version: '1.8.0_66'
Driver info: org.openqa.selenium.chrome.ChromeDriver
Capabilities [{applicationCacheEnabled=false, rotatable=false, mobileEmulationEnabled=false, chrome={userDataDir=C:\Users\401508\AppData\Local\Temp\scoped_dir11444_2709}, takesHeapSnapshot=true, databaseEnabled=false, handlesAlerts=true, hasTouchScreen=false, version=46.0.2490.71, platform=XP, browserConnectionEnabled=false, nativeEvents=true, acceptSslCerts=true, locationContextEnabled=true, webStorageEnabled=true, browserName=chrome, takesScreenshot=true, javascriptEnabled=true, cssSelectorsEnabled=true}]
Session ID: 03920f76df4f3b2531f124bf4c8c1a0f]]>
            </message>
            <full-stacktrace>
              <![CDATA[org.openqa.selenium.StaleElementReferenceException: stale element reference: element is not attached to the page document
  (Session info: chrome=46.0.2490.71)
  (Driver info: chromedriver=2.19.346078 (6f1f0cde889532d48ce8242342d0b84f94b114a1),platform=Windows NT 6.1 SP1 x86) (WARNING: The server did not provide any stacktrace information)
Command duration or timeout: 3.72 seconds
For documentation on this error, please visit: http://seleniumhq.org/exceptions/stale_element_reference.html
Build info: version: '2.45.0', revision: '5017cb8e7ca8e37638dc3091b2440b90a1d8686f', time: '2015-02-27 09:10:26'
System info: host: 'PC273975', ip: '10.249.11.67', os.name: 'Windows 7', os.arch: 'x86', os.version: '6.1', java.version: '1.8.0_66'
Driver info: org.openqa.selenium.chrome.ChromeDriver
Capabilities [{applicationCacheEnabled=false, rotatable=false, mobileEmulationEnabled=false, chrome={userDataDir=C:\Users\401508\AppData\Local\Temp\scoped_dir11444_2709}, takesHeapSnapshot=true, databaseEnabled=false, handlesAlerts=true, hasTouchScreen=false, version=46.0.2490.71, platform=XP, browserConnectionEnabled=false, nativeEvents=true, acceptSslCerts=true, locationContextEnabled=true, webStorageEnabled=true, browserName=chrome, takesScreenshot=true, javascriptEnabled=true, cssSelectorsEnabled=true}]
Session ID: 03920f76df4f3b2531f124bf4c8c1a0f
	at sun.reflect.NativeConstructorAccessorImpl.newInstance0(Native Method)
	at sun.reflect.NativeConstructorAccessorImpl.newInstance(NativeConstructorAccessorImpl.java:62)
	at sun.reflect.DelegatingConstructorAccessorImpl.newInstance(DelegatingConstructorAccessorImpl.java:45)
	at java.lang.reflect.Constructor.newInstance(Constructor.java:422)
	at org.openqa.selenium.remote.ErrorHandler.createThrowable(ErrorHandler.java:204)
	at org.openqa.selenium.remote.ErrorHandler.throwIfResponseFailed(ErrorHandler.java:156)
	at org.openqa.selenium.remote.RemoteWebDriver.execute(RemoteWebDriver.java:599)
	at org.openqa.selenium.remote.RemoteWebElement.execute(RemoteWebElement.java:268)
	at org.openqa.selenium.remote.RemoteWebElement.getText(RemoteWebElement.java:152)
	at com.charter.page.AuthenticationPage.ValidLogin(AuthenticationPage.java:1338)
	at com.charter.test.Login.TL01_Validate_ChaterValidLogin(Login.java:27)
	at sun.reflect.NativeMethodAccessorImpl.invoke0(Native Method)
	at sun.reflect.NativeMethodAccessorImpl.invoke(NativeMethodAccessorImpl.java:62)
	at sun.reflect.DelegatingMethodAccessorImpl.invoke(DelegatingMethodAccessorImpl.java:43)
	at java.lang.reflect.Method.invoke(Method.java:497)
	at org.testng.internal.MethodInvocationHelper.invokeMethod(MethodInvocationHelper.java:84)
	at org.testng.internal.Invoker.invokeMethod(Invoker.java:714)
	at org.testng.internal.Invoker.invokeTestMethod(Invoker.java:901)
	at org.testng.internal.Invoker.invokeTestMethods(Invoker.java:1231)
	at org.testng.internal.TestMethodWorker.invokeTestMethods(TestMethodWorker.java:127)
	at org.testng.internal.TestMethodWorker.run(TestMethodWorker.java:111)
	at org.testng.TestRunner.privateRun(TestRunner.java:767)
	at org.testng.TestRunner.run(TestRunner.java:617)
	at org.testng.SuiteRunner.runTest(SuiteRunner.java:348)
	at org.testng.SuiteRunner.runSequentially(SuiteRunner.java:343)
	at org.testng.SuiteRunner.privateRun(SuiteRunner.java:305)
	at org.testng.SuiteRunner.run(SuiteRunner.java:254)
	at org.testng.SuiteRunnerWorker.runSuite(SuiteRunnerWorker.java:52)
	at org.testng.SuiteRunnerWorker.run(SuiteRunnerWorker.java:86)
	at org.testng.TestNG.runSuitesSequentially(TestNG.java:1224)
	at org.testng.TestNG.runSuitesLocally(TestNG.java:1149)
	at org.testng.TestNG.run(TestNG.java:1057)
	at org.apache.maven.surefire.testng.TestNGExecutor.run(TestNGExecutor.java:122)
	at org.apache.maven.surefire.testng.TestNGXmlTestSuite.execute(TestNGXmlTestSuite.java:92)
	at org.apache.maven.surefire.testng.TestNGProvider.invoke(TestNGProvider.java:101)
	at sun.reflect.NativeMethodAccessorImpl.invoke0(Native Method)
	at sun.reflect.NativeMethodAccessorImpl.invoke(NativeMethodAccessorImpl.java:62)
	at sun.reflect.DelegatingMethodAccessorImpl.invoke(DelegatingMethodAccessorImpl.java:43)
	at java.lang.reflect.Method.invoke(Method.java:497)
	at org.apache.maven.surefire.util.ReflectionUtils.invokeMethodWithArray(ReflectionUtils.java:164)
	at org.apache.maven.surefire.booter.ProviderFactory$ProviderProxy.invoke(ProviderFactory.java:110)
	at org.apache.maven.surefire.booter.SurefireStarter.invokeProvider(SurefireStarter.java:172)
	at org.apache.maven.surefire.booter.SurefireStarter.runSuitesInProcessWhenForked(SurefireStarter.java:104)
	at org.apache.maven.surefire.booter.ForkedBooter.main(ForkedBooter.java:70)
]]>
            </full-stacktrace>
          </exception> <!-- org.openqa.selenium.StaleElementReferenceException -->
          <reporter-output>
            <line>
              <![CDATA[<<<*** END: Login.TL01_Validate_ChaterValidLogin ***>>> <br/>]]>
            </line>
            <line>
              <![CDATA[=====================================================================================<br/>]]>
            </line>
            <line>
              <![CDATA[Test Failed :com.charter.test.Login.TL01_Validate_ChaterValidLogin, Took 84 seconds<br/>]]>
            </line>
            <line>
              <![CDATA[<a href='D:\Sanity Suite\sanity\target\surefire-reports\html\screenshots\TL01_Validate_ChaterValidLogin-1-03Feb16_113842.png'><img src='D:\Sanity Suite\sanity\target\surefire-reports\html\screenshots\TL01_Validate_ChaterValidLogin-1-03Feb16_113842.png' height='50' width='50'/><br></a>]]>
            </line>
          </reporter-output>
        </test-method> <!-- TL01_Validate_ChaterValidLogin -->
        <test-method status="PASS" signature="postTestCase(org.testng.ITestResult)[pri:0, instance:com.charter.test.Login@1be656f]" name="postTestCase" is-config="true" duration-ms="48208" started-at="2016-02-03T11:38:43Z" finished-at="2016-02-03T11:39:31Z">
          <params>
            <param index="0">
              <value>
                <![CDATA[[TestResult name=TL01_Validate_ChaterValidLogin status=FAILURE method=Login.TL01_Validate_ChaterValidLogin(java.util.Map)[pri:0, instance:com.charter.test.Login@1be656f] output=<<<*** END: Login.TL01_Validate_ChaterValidLogin ***>>> <br/>]]]>
              </value>
            </param>
          </params>
          <reporter-output>
          </reporter-output>
        </test-method> <!-- postTestCase -->
        <test-method status="PASS" signature="testSetup(java.lang.String)[pri:0, instance:com.charter.test.Login@1be656f]" name="testSetup" is-config="true" duration-ms="38231" started-at="2016-02-03T11:39:31Z" finished-at="2016-02-03T11:40:09Z">
          <params>
            <param index="0">
              <value is-null="true"/>
            </param>
          </params>
          <reporter-output>
          </reporter-output>
        </test-method> <!-- testSetup -->
        <test-method status="PASS" signature="TL02_Validate_ChaterInvalidLogin(java.util.Map)[pri:0, instance:com.charter.test.Login@1be656f]" name="TL02_Validate_ChaterInvalidLogin" duration-ms="33031" started-at="2016-02-03T11:40:09Z" data-provider="TestDataCharter" finished-at="2016-02-03T11:40:42Z">
          <params>
            <param index="0">
              <value>
                <![CDATA[{CardNumber=, mac_CID=, security_question=, Devicenickname=, zipcode_fID=, Account_Type=, invalidLastname=, invalidPassword=, SecurityQuestion=, lastname_fp=, password=, security_answer=, Account_pom=, invalidMAC=, Zipcode=, Relogin_UserID=, Operatingsystem=, invalidEmail=, SecurityAnswer=, couponNumber=, NewRole=, UserPassword=feff, City=, selectUser=, PC_Unratedcontent=, ACnumber=, Relogin_Password=, charterID=, lastname=, lastname_fID=, Zipcode_fp=, State=, firstname_CID=, zipcode_CID=, ParentalControl_TV=, mac_fID=, invalidSecurityAns=, address_CID=, ParentalControl_Unratedcontent=, Message=, ParentalControl_Movie=, TestCaseId=TL02_Validate_ChaterInvalidLogin, PC_TV=, Password1=, searchkey=, invalidZipcode=, lastname_CID=, fLinked_CharterID=, ExpDate=, UserID=fef, CardType=, UserID1=, address_fID=, CharterID_fp=, invalidAddress=, email=, AccountNumberVerify=, LegacySiteURL=, accountnumber=, FutureDate=, Statement=, Address2=, Mobilephone=, PC_Movie=, Account_DVRcontrol=, Address1=, hohuser=, ConfirmPassword=, routingnumber=, ContactEmail=, SelectDate=, ExpYear=}]]>
              </value>
            </param>
          </params>
          <reporter-output>
            <line>
              <![CDATA[<<<*** END: Login.TL02_Validate_ChaterInvalidLogin ***>>> <br/>]]>
            </line>
            <line>
              <![CDATA[=====================================================================================<br/>]]>
            </line>
            <line>
              <![CDATA[Test Passed :com.charter.test.Login.TL02_Validate_ChaterInvalidLogin, Took 33 seconds<br/>]]>
            </line>
          </reporter-output>
        </test-method> <!-- TL02_Validate_ChaterInvalidLogin -->
        <test-method status="PASS" signature="postTestCase(org.testng.ITestResult)[pri:0, instance:com.charter.test.Login@1be656f]" name="postTestCase" is-config="true" duration-ms="1487" started-at="2016-02-03T11:40:42Z" finished-at="2016-02-03T11:40:44Z">
          <params>
            <param index="0">
              <value>
                <![CDATA[[TestResult name=TL02_Validate_ChaterInvalidLogin status=SUCCESS method=Login.TL02_Validate_ChaterInvalidLogin(java.util.Map)[pri:0, instance:com.charter.test.Login@1be656f] output=<<<*** END: Login.TL02_Validate_ChaterInvalidLogin ***>>> <br/>]]]>
              </value>
            </param>
          </params>
          <reporter-output>
          </reporter-output>
        </test-method> <!-- postTestCase -->
      </class> <!-- com.charter.test.Login -->
      <class name="com.charter.test.ForgotUsername">
        <test-method status="PASS" signature="testSetup(java.lang.String)[pri:0, instance:com.charter.test.ForgotUsername@6be2c3]" name="testSetup" is-config="true" duration-ms="2676" started-at="2016-02-03T10:57:41Z" finished-at="2016-02-03T10:57:43Z">
          <params>
            <param index="0">
              <value is-null="true"/>
            </param>
          </params>
          <reporter-output>
          </reporter-output>
        </test-method> <!-- testSetup -->
        <test-method status="PASS" signature="TA50_Validate_ForgotUsername_Non_Converted_MS_Login(java.util.Map)[pri:0, instance:com.charter.test.ForgotUsername@6be2c3]" name="TA50_Validate_ForgotUsername_Non_Converted_MS_Login" duration-ms="20639" started-at="2016-02-03T10:57:43Z" data-provider="TestDataCharter" finished-at="2016-02-03T10:58:04Z">
          <params>
            <param index="0">
              <value>
                <![CDATA[{CardNumber=, mac_CID=, security_question=, Devicenickname=, zipcode_fID=63129, Account_Type=, invalidLastname=, invalidPassword=, SecurityQuestion=, lastname_fp=, password=, security_answer=red, Account_pom=, invalidMAC=, Zipcode=, Relogin_UserID=, Operatingsystem=, invalidEmail=, SecurityAnswer=, couponNumber=, NewRole=, UserPassword=Testing01, City=, selectUser=, PC_Unratedcontent=, ACnumber=8345780014596393, Relogin_Password=, charterID=, lastname=, lastname_fID=, Zipcode_fp=, State=, firstname_CID=, zipcode_CID=, ParentalControl_TV=, mac_fID=, invalidSecurityAns=, address_CID=, ParentalControl_Unratedcontent=, Message=, ParentalControl_Movie=, TestCaseId=TA50_Validate_ForgotUsername_Non_Converted_MS_Login, PC_TV=, Password1=, searchkey=, invalidZipcode=, lastname_CID=, fLinked_CharterID=enge2e007, ExpDate=, UserID=, CardType=, UserID1=, address_fID=, CharterID_fp=, invalidAddress=, email=, AccountNumberVerify=Account Number, LegacySiteURL=, accountnumber=, FutureDate=, Statement=, Address2=, Mobilephone=, PC_Movie=, Account_DVRcontrol=, Address1=, hohuser=, ConfirmPassword=, routingnumber=, ContactEmail=, SelectDate=, ExpYear=}]]>
              </value>
            </param>
          </params>
          <reporter-output>
            <line>
              <![CDATA[<<<*** END: ForgotUsername.TA50_Validate_ForgotUsername_Non_Converted_MS_Login ***>>> <br/>]]>
            </line>
            <line>
              <![CDATA[=====================================================================================<br/>]]>
            </line>
            <line>
              <![CDATA[Test Passed :com.charter.test.ForgotUsername.TA50_Validate_ForgotUsername_Non_Converted_MS_Login, Took 20 seconds<br/>]]>
            </line>
          </reporter-output>
        </test-method> <!-- TA50_Validate_ForgotUsername_Non_Converted_MS_Login -->
        <test-method status="PASS" signature="afterMethod()[pri:0, instance:com.charter.test.ForgotUsername@6be2c3]" name="afterMethod" is-config="true" duration-ms="7635" started-at="2016-02-03T10:58:04Z" finished-at="2016-02-03T10:58:12Z">
          <reporter-output>
          </reporter-output>
        </test-method> <!-- afterMethod -->
        <test-method status="PASS" signature="postTestCase(org.testng.ITestResult)[pri:0, instance:com.charter.test.ForgotUsername@6be2c3]" name="postTestCase" is-config="true" duration-ms="1156" started-at="2016-02-03T10:58:12Z" finished-at="2016-02-03T10:58:13Z">
          <params>
            <param index="0">
              <value>
                <![CDATA[[TestResult name=TA50_Validate_ForgotUsername_Non_Converted_MS_Login status=SUCCESS method=ForgotUsername.TA50_Validate_ForgotUsername_Non_Converted_MS_Login(java.util.Map)[pri:0, instance:com.charter.test.ForgotUsername@6be2c3] output=<<<*** END: ForgotUsername.TA50_Validate_ForgotUsername_Non_Converted_MS_Login ***>>> <br/>]]]>
              </value>
            </param>
          </params>
          <reporter-output>
          </reporter-output>
        </test-method> <!-- postTestCase -->
        <test-method status="PASS" signature="testSetup(java.lang.String)[pri:0, instance:com.charter.test.ForgotUsername@6be2c3]" name="testSetup" is-config="true" duration-ms="1778" started-at="2016-02-03T10:58:13Z" finished-at="2016-02-03T10:58:15Z">
          <params>
            <param index="0">
              <value is-null="true"/>
            </param>
          </params>
          <reporter-output>
          </reporter-output>
        </test-method> <!-- testSetup -->
        <test-method status="PASS" signature="TA051_Validate_ForgotUsername_Non_Converted_CharterID(java.util.Map)[pri:0, instance:com.charter.test.ForgotUsername@6be2c3]" name="TA051_Validate_ForgotUsername_Non_Converted_CharterID" duration-ms="22076" started-at="2016-02-03T10:58:15Z" data-provider="TestDataCharter" finished-at="2016-02-03T10:58:37Z">
          <params>
            <param index="0">
              <value>
                <![CDATA[{CardNumber=, mac_CID=, security_question=, zipcode_fID=63129, invalidLastname=, invalidPassword=, TestCaseId=TA051_Validate_ForgotUsername_Non_Converted_CharterID, lastname_fp=, invalidZipcode=, password=, security_answer=red, lastname_CID=, fLinked_CharterID=rel3302, ExpDate=, UserID=, CardType=, invalidMAC=, UserID1=, address_fID=, CharterID_fp=, invalidAddress=, invalidEmail=, email=, AccountNumberVerify=Account Number, LegacySiteURL=, FutureDate=, UserPassword=Testing01, Mobilephone=, ACnumber=8345780014611846 , hohuser=, charterID=, lastname=, lastname_fID=, Zipcode_fp=, firstname_CID=, zipcode_CID=, SelectDate=, mac_fID=, invalidSecurityAns=, ExpYear=, address_CID=}]]>
              </value>
            </param>
          </params>
          <reporter-output>
            <line>
              <![CDATA[<<<*** END: ForgotUsername.TA051_Validate_ForgotUsername_Non_Converted_CharterID ***>>> <br/>]]>
            </line>
            <line>
              <![CDATA[=====================================================================================<br/>]]>
            </line>
            <line>
              <![CDATA[Test Passed :com.charter.test.ForgotUsername.TA051_Validate_ForgotUsername_Non_Converted_CharterID, Took 22 seconds<br/>]]>
            </line>
          </reporter-output>
        </test-method> <!-- TA051_Validate_ForgotUsername_Non_Converted_CharterID -->
        <test-method status="PASS" signature="afterMethod()[pri:0, instance:com.charter.test.ForgotUsername@6be2c3]" name="afterMethod" is-config="true" duration-ms="9112" started-at="2016-02-03T10:58:37Z" finished-at="2016-02-03T10:58:46Z">
          <reporter-output>
          </reporter-output>
        </test-method> <!-- afterMethod -->
        <test-method status="PASS" signature="postTestCase(org.testng.ITestResult)[pri:0, instance:com.charter.test.ForgotUsername@6be2c3]" name="postTestCase" is-config="true" duration-ms="1163" started-at="2016-02-03T10:58:46Z" finished-at="2016-02-03T10:58:47Z">
          <params>
            <param index="0">
              <value>
                <![CDATA[[TestResult name=TA051_Validate_ForgotUsername_Non_Converted_CharterID status=SUCCESS method=ForgotUsername.TA051_Validate_ForgotUsername_Non_Converted_CharterID(java.util.Map)[pri:0, instance:com.charter.test.ForgotUsername@6be2c3] output=<<<*** END: ForgotUsername.TA051_Validate_ForgotUsername_Non_Converted_CharterID ***>>> <br/>]]]>
              </value>
            </param>
          </params>
          <reporter-output>
          </reporter-output>
        </test-method> <!-- postTestCase -->
        <test-method status="PASS" signature="testSetup(java.lang.String)[pri:0, instance:com.charter.test.ForgotUsername@6be2c3]" name="testSetup" is-config="true" duration-ms="1861" started-at="2016-02-03T10:58:47Z" finished-at="2016-02-03T10:58:49Z">
          <params>
            <param index="0">
              <value is-null="true"/>
            </param>
          </params>
          <reporter-output>
          </reporter-output>
        </test-method> <!-- testSetup -->
        <test-method status="PASS" signature="TA20_Validate_RetrievingChaterID_HOHuser(java.util.Map)[pri:0, instance:com.charter.test.ForgotUsername@6be2c3]" name="TA20_Validate_RetrievingChaterID_HOHuser" duration-ms="29304" started-at="2016-02-03T10:58:49Z" data-provider="TestDataCharter" finished-at="2016-02-03T10:59:18Z">
          <params>
            <param index="0">
              <value>
                <![CDATA[{CardNumber=, mac_CID=, security_question=, zipcode_fID=63129, invalidLastname=, invalidPassword=, TestCaseId=TA20_Validate_RetrievingChaterID_HOHuser, lastname_fp=, invalidZipcode=, password=, security_answer=red, lastname_CID=, fLinked_CharterID=e2erel3012 , ExpDate=, UserID=, CardType=, invalidMAC=, UserID1=, address_fID=, CharterID_fp=, invalidAddress=, invalidEmail=, email=, AccountNumberVerify=Account Number, LegacySiteURL=, FutureDate=, UserPassword=Testing01, Mobilephone=, ACnumber=8345780014518470, hohuser=, charterID=, lastname=, lastname_fID=, Zipcode_fp=, firstname_CID=, zipcode_CID=, SelectDate=, mac_fID=, invalidSecurityAns=, ExpYear=, address_CID=}]]>
              </value>
            </param>
          </params>
          <reporter-output>
            <line>
              <![CDATA[<<<*** END: ForgotUsername.TA20_Validate_RetrievingChaterID_HOHuser ***>>> <br/>]]>
            </line>
            <line>
              <![CDATA[=====================================================================================<br/>]]>
            </line>
            <line>
              <![CDATA[Test Passed :com.charter.test.ForgotUsername.TA20_Validate_RetrievingChaterID_HOHuser, Took 29 seconds<br/>]]>
            </line>
          </reporter-output>
        </test-method> <!-- TA20_Validate_RetrievingChaterID_HOHuser -->
        <test-method status="PASS" signature="afterMethod()[pri:0, instance:com.charter.test.ForgotUsername@6be2c3]" name="afterMethod" is-config="true" duration-ms="6028" started-at="2016-02-03T10:59:18Z" finished-at="2016-02-03T10:59:24Z">
          <reporter-output>
          </reporter-output>
        </test-method> <!-- afterMethod -->
        <test-method status="PASS" signature="postTestCase(org.testng.ITestResult)[pri:0, instance:com.charter.test.ForgotUsername@6be2c3]" name="postTestCase" is-config="true" duration-ms="1140" started-at="2016-02-03T10:59:24Z" finished-at="2016-02-03T10:59:25Z">
          <params>
            <param index="0">
              <value>
                <![CDATA[[TestResult name=TA20_Validate_RetrievingChaterID_HOHuser status=SUCCESS method=ForgotUsername.TA20_Validate_RetrievingChaterID_HOHuser(java.util.Map)[pri:0, instance:com.charter.test.ForgotUsername@6be2c3] output=<<<*** END: ForgotUsername.TA20_Validate_RetrievingChaterID_HOHuser ***>>> <br/>]]]>
              </value>
            </param>
          </params>
          <reporter-output>
          </reporter-output>
        </test-method> <!-- postTestCase -->
        <test-method status="PASS" signature="testSetup(java.lang.String)[pri:0, instance:com.charter.test.ForgotUsername@6be2c3]" name="testSetup" is-config="true" duration-ms="1827" started-at="2016-02-03T10:59:25Z" finished-at="2016-02-03T10:59:27Z">
          <params>
            <param index="0">
              <value is-null="true"/>
            </param>
          </params>
          <reporter-output>
          </reporter-output>
        </test-method> <!-- testSetup -->
        <test-method status="PASS" signature="TA21_Validate_RetrievingChaterID_AdminUser(java.util.Map)[pri:0, instance:com.charter.test.ForgotUsername@6be2c3]" name="TA21_Validate_RetrievingChaterID_AdminUser" duration-ms="27556" started-at="2016-02-03T10:59:27Z" data-provider="TestDataCharter" finished-at="2016-02-03T10:59:55Z">
          <params>
            <param index="0">
              <value>
                <![CDATA[{CardNumber=, mac_CID=, security_question=, zipcode_fID=63129, invalidLastname=, invalidPassword=, TestCaseId=TA21_Validate_RetrievingChaterID_AdminUser, lastname_fp=, invalidZipcode=, password=, security_answer=red, lastname_CID=, fLinked_CharterID=admin_e2erel3012, ExpDate=, UserID=, CardType=, invalidMAC=, UserID1=, address_fID=, CharterID_fp=, invalidAddress=, invalidEmail=, email=, AccountNumberVerify=Account Number, LegacySiteURL=, FutureDate=, UserPassword=Testing01, Mobilephone=, ACnumber=8345780014518470, hohuser=, charterID=, lastname=, lastname_fID=, Zipcode_fp=, firstname_CID=, zipcode_CID=, SelectDate=, mac_fID=, invalidSecurityAns=, ExpYear=, address_CID=}]]>
              </value>
            </param>
          </params>
          <reporter-output>
            <line>
              <![CDATA[<<<*** END: ForgotUsername.TA21_Validate_RetrievingChaterID_AdminUser ***>>> <br/>]]>
            </line>
            <line>
              <![CDATA[=====================================================================================<br/>]]>
            </line>
            <line>
              <![CDATA[Test Passed :com.charter.test.ForgotUsername.TA21_Validate_RetrievingChaterID_AdminUser, Took 27 seconds<br/>]]>
            </line>
          </reporter-output>
        </test-method> <!-- TA21_Validate_RetrievingChaterID_AdminUser -->
        <test-method status="PASS" signature="afterMethod()[pri:0, instance:com.charter.test.ForgotUsername@6be2c3]" name="afterMethod" is-config="true" duration-ms="7653" started-at="2016-02-03T10:59:55Z" finished-at="2016-02-03T11:00:03Z">
          <reporter-output>
          </reporter-output>
        </test-method> <!-- afterMethod -->
        <test-method status="PASS" signature="postTestCase(org.testng.ITestResult)[pri:0, instance:com.charter.test.ForgotUsername@6be2c3]" name="postTestCase" is-config="true" duration-ms="1136" started-at="2016-02-03T11:00:03Z" finished-at="2016-02-03T11:00:04Z">
          <params>
            <param index="0">
              <value>
                <![CDATA[[TestResult name=TA21_Validate_RetrievingChaterID_AdminUser status=SUCCESS method=ForgotUsername.TA21_Validate_RetrievingChaterID_AdminUser(java.util.Map)[pri:0, instance:com.charter.test.ForgotUsername@6be2c3] output=<<<*** END: ForgotUsername.TA21_Validate_RetrievingChaterID_AdminUser ***>>> <br/>]]]>
              </value>
            </param>
          </params>
          <reporter-output>
          </reporter-output>
        </test-method> <!-- postTestCase -->
        <test-method status="PASS" signature="testSetup(java.lang.String)[pri:0, instance:com.charter.test.ForgotUsername@6be2c3]" name="testSetup" is-config="true" duration-ms="2319" started-at="2016-02-03T11:00:04Z" finished-at="2016-02-03T11:00:06Z">
          <params>
            <param index="0">
              <value is-null="true"/>
            </param>
          </params>
          <reporter-output>
          </reporter-output>
        </test-method> <!-- testSetup -->
        <test-method status="PASS" signature="TA22_Validate_RetrievingChaterID_StandardUser(java.util.Map)[pri:0, instance:com.charter.test.ForgotUsername@6be2c3]" name="TA22_Validate_RetrievingChaterID_StandardUser" duration-ms="21939" started-at="2016-02-03T11:00:06Z" data-provider="TestDataCharter" finished-at="2016-02-03T11:00:28Z">
          <params>
            <param index="0">
              <value>
                <![CDATA[{CardNumber=, mac_CID=, security_question=, zipcode_fID=63129, invalidLastname=, invalidPassword=, TestCaseId=TA22_Validate_RetrievingChaterID_StandardUser, lastname_fp=, invalidZipcode=, password=, security_answer=red, lastname_CID=, fLinked_CharterID=standard_e2erel3012 , ExpDate=, UserID=, CardType=, invalidMAC=, UserID1=, address_fID=, CharterID_fp=, invalidAddress=, invalidEmail=, email=, AccountNumberVerify=Account Number, LegacySiteURL=, FutureDate=, UserPassword=Testing01, Mobilephone=, ACnumber=8345780014518470, hohuser=, charterID=, lastname=, lastname_fID=, Zipcode_fp=, firstname_CID=, zipcode_CID=, SelectDate=, mac_fID=, invalidSecurityAns=, ExpYear=, address_CID=}]]>
              </value>
            </param>
          </params>
          <reporter-output>
            <line>
              <![CDATA[<<<*** END: ForgotUsername.TA22_Validate_RetrievingChaterID_StandardUser ***>>> <br/>]]>
            </line>
            <line>
              <![CDATA[=====================================================================================<br/>]]>
            </line>
            <line>
              <![CDATA[Test Passed :com.charter.test.ForgotUsername.TA22_Validate_RetrievingChaterID_StandardUser, Took 21 seconds<br/>]]>
            </line>
          </reporter-output>
        </test-method> <!-- TA22_Validate_RetrievingChaterID_StandardUser -->
[...]
            </line>
            <line>
              <![CDATA[Test Passed :com.charter.test.MyAccount.TC01_Validate_OverviewPageHeaders_HOHUser, Took 27 seconds<br/>]]>
            </line>
          </reporter-output>
        </test-method> <!-- TC01_Validate_OverviewPageHeaders_HOHUser -->
        <test-method status="PASS" signature="postTestCase(org.testng.ITestResult)[pri:0, instance:com.charter.test.MyAccount@1af3c0]" name="postTestCase" is-config="true" duration-ms="1302" started-at="2016-02-03T11:33:12Z" finished-at="2016-02-03T11:33:14Z">
          <params>
            <param index="0">
              <value>
                <![CDATA[[TestResult name=TC01_Validate_OverviewPageHeaders_HOHUser status=SUCCESS method=MyAccount.TC01_Validate_OverviewPageHeaders_HOHUser(java.util.Map)[pri:0, instance:com.charter.test.MyAccount@1af3c0] output=Expected value: Billing Actual value: Billing - PASSED : BTSection<br/>]]]>
              </value>
            </param>
          </params>
          <reporter-output>
          </reporter-output>
        </test-method> <!-- postTestCase -->
        <test-method status="PASS" signature="testSetup(java.lang.String)[pri:0, instance:com.charter.test.MyAccount@1af3c0]" name="testSetup" is-config="true" duration-ms="2127" started-at="2016-02-03T11:33:14Z" finished-at="2016-02-03T11:33:16Z">
          <params>
            <param index="0">
              <value is-null="true"/>
            </param>
          </params>
          <reporter-output>
          </reporter-output>
        </test-method> <!-- testSetup -->
        <test-method status="PASS" signature="TC02_Validate_BillingandTransactionSection_HOHUser(java.util.Map)[pri:0, instance:com.charter.test.MyAccount@1af3c0]" name="TC02_Validate_BillingandTransactionSection_HOHUser" duration-ms="39026" started-at="2016-02-03T11:33:16Z" data-provider="TestDataCharter" finished-at="2016-02-03T11:33:55Z">
          <params>
            <param index="0">
              <value>
                <![CDATA[{UserID=e2e5016, UserID1=, TestCaseId=TC02_Validate_BillingandTransactionSection_HOHUser, UserPassword=Testing01}]]>
              </value>
            </param>
          </params>
          <reporter-output>
            <line>
              <![CDATA[<<<*** END: MyAccount.TC02_Validate_BillingandTransactionSection_HOHUser ***>>> <br/>]]>
            </line>
            <line>
              <![CDATA[=====================================================================================<br/>]]>
            </line>
            <line>
              <![CDATA[Test Passed :com.charter.test.MyAccount.TC02_Validate_BillingandTransactionSection_HOHUser, Took 39 seconds<br/>]]>
            </line>
          </reporter-output>
        </test-method> <!-- TC02_Validate_BillingandTransactionSection_HOHUser -->
        <test-method status="PASS" signature="postTestCase(org.testng.ITestResult)[pri:0, instance:com.charter.test.MyAccount@1af3c0]" name="postTestCase" is-config="true" duration-ms="1748" started-at="2016-02-03T11:33:55Z" finished-at="2016-02-03T11:33:57Z">
          <params>
            <param index="0">
              <value>
                <![CDATA[[TestResult name=TC02_Validate_BillingandTransactionSection_HOHUser status=SUCCESS method=MyAccount.TC02_Validate_BillingandTransactionSection_HOHUser(java.util.Map)[pri:0, instance:com.charter.test.MyAccount@1af3c0] output=<<<*** END: MyAccount.TC02_Validate_BillingandTransactionSection_HOHUser ***>>> <br/>]]]>
              </value>
            </param>
          </params>
          <reporter-output>
          </reporter-output>
        </test-method> <!-- postTestCase -->
        <test-method status="PASS" signature="testSetup(java.lang.String)[pri:0, instance:com.charter.test.MyAccount@1af3c0]" name="testSetup" is-config="true" duration-ms="2979" started-at="2016-02-03T11:33:57Z" finished-at="2016-02-03T11:34:00Z">
          <params>
            <param index="0">
              <value is-null="true"/>
            </param>
          </params>
          <reporter-output>
          </reporter-output>
        </test-method> <!-- testSetup -->
        <test-method status="PASS" signature="TC03_Validate_AskCharterWidget_HOHUser(java.util.Map)[pri:0, instance:com.charter.test.MyAccount@1af3c0]" name="TC03_Validate_AskCharterWidget_HOHUser" duration-ms="32126" started-at="2016-02-03T11:34:00Z" data-provider="TestDataCharter" finished-at="2016-02-03T11:34:32Z">
          <params>
            <param index="0">
              <value>
                <![CDATA[{CardNumber=, mac_CID=, zipcode_fID=, invalidLastname=, invalidPassword=, TestCaseId=TC03_Validate_AskCharterWidget_HOHUser, lastname_fp=, invalidZipcode=, lastname_CID=, fLinked_CharterID=, ExpDate=, UserID=e2e5023, CardType=, invalidMAC=, UserID1=, address_fID=, CharterID_fp=, invalidAddress=, invalidEmail=, AccountNumberVerify=, LegacySiteURL=, FutureDate=, UserPassword=Testing01, ACnumber=, hohuser=, lastname=, lastname_fID=, Zipcode_fp=, firstname_CID=, zipcode_CID=, SelectDate=, mac_fID=, invalidSecurityAns=, ExpYear=, address_CID=}]]>
              </value>
            </param>
          </params>
          <reporter-output>
            <line>
              <![CDATA[<<<*** END: MyAccount.TC03_Validate_AskCharterWidget_HOHUser ***>>> <br/>]]>
            </line>
            <line>
              <![CDATA[=====================================================================================<br/>]]>
            </line>
            <line>
              <![CDATA[Test Passed :com.charter.test.MyAccount.TC03_Validate_AskCharterWidget_HOHUser, Took 32 seconds<br/>]]>
            </line>
          </reporter-output>
        </test-method> <!-- TC03_Validate_AskCharterWidget_HOHUser -->
        <test-method status="PASS" signature="postTestCase(org.testng.ITestResult)[pri:0, instance:com.charter.test.MyAccount@1af3c0]" name="postTestCase" is-config="true" duration-ms="1318" started-at="2016-02-03T11:34:32Z" finished-at="2016-02-03T11:34:33Z">
          <params>
            <param index="0">
              <value>
                <![CDATA[[TestResult name=TC03_Validate_AskCharterWidget_HOHUser status=SUCCESS method=MyAccount.TC03_Validate_AskCharterWidget_HOHUser(java.util.Map)[pri:0, instance:com.charter.test.MyAccount@1af3c0] output=<<<*** END: MyAccount.TC03_Validate_AskCharterWidget_HOHUser ***>>> <br/>]]]>
              </value>
            </param>
          </params>
          <reporter-output>
          </reporter-output>
        </test-method> <!-- postTestCase -->
        <test-method status="PASS" signature="testSetup(java.lang.String)[pri:0, instance:com.charter.test.MyAccount@1af3c0]" name="testSetup" is-config="true" duration-ms="2896" started-at="2016-02-03T11:34:33Z" finished-at="2016-02-03T11:34:36Z">
          <params>
            <param index="0">
              <value is-null="true"/>
            </param>
          </params>
          <reporter-output>
          </reporter-output>
        </test-method> <!-- testSetup -->
        <test-method status="PASS" signature="TC13_Validate_OverviewPage_AvatarImagesViewProfile_HOHUser(java.util.Map)[pri:0, instance:com.charter.test.MyAccount@1af3c0]" name="TC13_Validate_OverviewPage_AvatarImagesViewProfile_HOHUser" duration-ms="37832" started-at="2016-02-03T11:34:36Z" data-provider="TestDataCharter" finished-at="2016-02-03T11:35:14Z">
          <params>
            <param index="0">
              <value>
                <![CDATA[{CardNumber=, mac_CID=, zipcode_fID=, invalidPassword=, TestCaseId=TC13_Validate_OverviewPage_AvatarImagesViewProfile_HOHUser, lastname_fp=, invalidZipcode=, lastname_CID=, fLinked_CharterID=, ExpDate=, UserID=e2e5023, CardType=, UserID1=, address_fID=, CharterID_fp=, AccountNumberVerify=, LegacySiteURL=, FutureDate=, UserPassword=Testing01, ACnumber=, hohuser=, lastname_fID=, Zipcode_fp=, firstname_CID=, zipcode_CID=, SelectDate=, mac_fID=, ExpYear=, address_CID=}]]>
              </value>
            </param>
          </params>
          <reporter-output>
            <line>
              <![CDATA[<<<*** END: MyAccount.TC13_Validate_OverviewPage_AvatarImagesViewProfile_HOHUser ***>>> <br/>]]>
            </line>
            <line>
              <![CDATA[=====================================================================================<br/>]]>
            </line>
            <line>
              <![CDATA[Test Passed :com.charter.test.MyAccount.TC13_Validate_OverviewPage_AvatarImagesViewProfile_HOHUser, Took 37 seconds<br/>]]>
            </line>
          </reporter-output>
        </test-method> <!-- TC13_Validate_OverviewPage_AvatarImagesViewProfile_HOHUser -->
        <test-method status="PASS" signature="postTestCase(org.testng.ITestResult)[pri:0, instance:com.charter.test.MyAccount@1af3c0]" name="postTestCase" is-config="true" duration-ms="1223" started-at="2016-02-03T11:35:14Z" finished-at="2016-02-03T11:35:15Z">
          <params>
            <param index="0">
              <value>
                <![CDATA[[TestResult name=TC13_Validate_OverviewPage_AvatarImagesViewProfile_HOHUser status=SUCCESS method=MyAccount.TC13_Validate_OverviewPage_AvatarImagesViewProfile_HOHUser(java.util.Map)[pri:0, instance:com.charter.test.MyAccount@1af3c0] output=<<<*** END: MyAccount.TC13_Validate_OverviewPage_AvatarImagesViewProfile_HOHUser ***>>> <br/>]]]>
              </value>
            </param>
          </params>
          <reporter-output>
          </reporter-output>
        </test-method> <!-- postTestCase -->
        <test-method status="PASS" signature="testSetup(java.lang.String)[pri:0, instance:com.charter.test.MyAccount@1af3c0]" name="testSetup" is-config="true" duration-ms="2557" started-at="2016-02-03T11:35:15Z" finished-at="2016-02-03T11:35:18Z">
          <params>
            <param index="0">
              <value is-null="true"/>
            </param>
          </params>
          <reporter-output>
          </reporter-output>
        </test-method> <!-- testSetup -->
        <test-method status="PASS" signature="TC14_Validate_OverviewPage_NickNameLink_NavigationTo_TVServices(java.util.Map)[pri:0, instance:com.charter.test.MyAccount@1af3c0]" name="TC14_Validate_OverviewPage_NickNameLink_NavigationTo_TVServices" duration-ms="42077" started-at="2016-02-03T11:35:18Z" data-provider="TestDataCharter" finished-at="2016-02-03T11:36:00Z">
          <params>
            <param index="0">
              <value>
                <![CDATA[{CardNumber=, mac_CID=, security_question=, zipcode_fID=, Account_Type=, invalidLastname=, invalidPassword=, lastname_fp=, password=, security_answer=, Account_pom=, invalidMAC=, Zipcode=, invalidEmail=, NewRole=, UserPassword=Testing01, City=, selectUser=, ACnumber=, charterID=, lastname=, lastname_fID=, Zipcode_fp=, State=, firstname_CID=, zipcode_CID=, ParentalControl_TV=, mac_fID=, invalidSecurityAns=, address_CID=, ParentalControl_Unratedcontent=, ParentalControl_Movie=, TestCaseId=TC14_Validate_OverviewPage_NickNameLink_NavigationTo_TVServices, PC_TV=, invalidZipcode=, lastname_CID=, fLinked_CharterID=, ExpDate=, UserID=e2e5020, CardType=, UserID1=, address_fID=, CharterID_fp=, invalidAddress=, email=, AccountNumberVerify=, LegacySiteURL=, FutureDate=, Address2=, Mobilephone=, Account_DVRcontrol=, Address1=, hohuser=, SelectDate=, ExpYear=}]]>
              </value>
            </param>
          </params>
          <reporter-output>
            <line>
              <![CDATA[<<<*** END: MyAccount.TC14_Validate_OverviewPage_NickNameLink_NavigationTo_TVServices ***>>> <br/>]]>
            </line>
            <line>
              <![CDATA[=====================================================================================<br/>]]>
            </line>
            <line>
              <![CDATA[Test Passed :com.charter.test.MyAccount.TC14_Validate_OverviewPage_NickNameLink_NavigationTo_TVServices, Took 42 seconds<br/>]]>
            </line>
          </reporter-output>
        </test-method> <!-- TC14_Validate_OverviewPage_NickNameLink_NavigationTo_TVServices -->
        <test-method status="PASS" signature="postTestCase(org.testng.ITestResult)[pri:0, instance:com.charter.test.MyAccount@1af3c0]" name="postTestCase" is-config="true" duration-ms="1463" started-at="2016-02-03T11:36:00Z" finished-at="2016-02-03T11:36:01Z">
          <params>
            <param index="0">
              <value>
                <![CDATA[[TestResult name=TC14_Validate_OverviewPage_NickNameLink_NavigationTo_TVServices status=SUCCESS method=MyAccount.TC14_Validate_OverviewPage_NickNameLink_NavigationTo_TVServices(java.util.Map)[pri:0, instance:com.charter.test.MyAccount@1af3c0] output=<<<*** END: MyAccount.TC14_Validate_OverviewPage_NickNameLink_NavigationTo_TVServices ***>>> <br/>]]]>
              </value>
            </param>
          </params>
          <reporter-output>
          </reporter-output>
        </test-method> <!-- postTestCase -->
        <test-method status="PASS" signature="testSetup(java.lang.String)[pri:0, instance:com.charter.test.MyAccount@1af3c0]" name="testSetup" is-config="true" duration-ms="4988" started-at="2016-02-03T11:36:02Z" finished-at="2016-02-03T11:36:07Z">
          <params>
            <param index="0">
              <value is-null="true"/>
            </param>
          </params>
          <reporter-output>
          </reporter-output>
        </test-method> <!-- testSetup -->
        <test-method status="PASS" signature="TC16_Validate_OverviewPage_CheckEmailLink_NavigationTo_Webmail(java.util.Map)[pri:0, instance:com.charter.test.MyAccount@1af3c0]" name="TC16_Validate_OverviewPage_CheckEmailLink_NavigationTo_Webmail" duration-ms="28705" started-at="2016-02-03T11:36:07Z" data-provider="TestDataCharter" finished-at="2016-02-03T11:36:35Z">
          <params>
            <param index="0">
              <value>
                <![CDATA[{CardNumber=, mac_CID=, security_question=, Devicenickname=, zipcode_fID=, Account_Type=, invalidLastname=, invalidPassword=, SecurityQuestion=, lastname_fp=, password=, security_answer=, Account_pom=, invalidMAC=, Zipcode=, Relogin_UserID=, Operatingsystem=, invalidEmail=, SecurityAnswer=, couponNumber=, NewRole=, UserPassword=Testing01, City=, selectUser=, PC_Unratedcontent=, ACnumber=, Relogin_Password=, charterID=, lastname=, lastname_fID=, Zipcode_fp=, State=, firstname_CID=, zipcode_CID=, ParentalControl_TV=, mac_fID=, invalidSecurityAns=, address_CID=, ParentalControl_Unratedcontent=, Message=, ParentalControl_Movie=, TestCaseId=TC16_Validate_OverviewPage_CheckEmailLink_NavigationTo_Webmail, PC_TV=, Password1=, searchkey=, invalidZipcode=, lastname_CID=, fLinked_CharterID=, ExpDate=, UserID=e2e5020, CardType=, UserID1=, address_fID=, CharterID_fp=, invalidAddress=, email=, AccountNumberVerify=, LegacySiteURL=, accountnumber=, FutureDate=, Address2=, Mobilephone=, PC_Movie=, Account_DVRcontrol=, Address1=, hohuser=, ConfirmPassword=, routingnumber=, ContactEmail=, SelectDate=, ExpYear=}]]>
              </value>
            </param>
          </params>
          <reporter-output>
            <line>
              <![CDATA[<<<*** END: MyAccount.TC16_Validate_OverviewPage_CheckEmailLink_NavigationTo_Webmail ***>>> <br/>]]>
            </line>
            <line>
              <![CDATA[=====================================================================================<br/>]]>
            </line>
            <line>
              <![CDATA[Test Passed :com.charter.test.MyAccount.TC16_Validate_OverviewPage_CheckEmailLink_NavigationTo_Webmail, Took 28 seconds<br/>]]>
            </line>
          </reporter-output>
        </test-method> <!-- TC16_Validate_OverviewPage_CheckEmailLink_NavigationTo_Webmail -->
        <test-method status="PASS" signature="postTestCase(org.testng.ITestResult)[pri:0, instance:com.charter.test.MyAccount@1af3c0]" name="postTestCase" is-config="true" duration-ms="1822" started-at="2016-02-03T11:36:35Z" finished-at="2016-02-03T11:36:37Z">
          <params>
            <param index="0">
              <value>
                <![CDATA[[TestResult name=TC16_Validate_OverviewPage_CheckEmailLink_NavigationTo_Webmail status=SUCCESS method=MyAccount.TC16_Validate_OverviewPage_CheckEmailLink_NavigationTo_Webmail(java.util.Map)[pri:0, instance:com.charter.test.MyAccount@1af3c0] output=<<<*** END: MyAccount.TC16_Validate_OverviewPage_CheckEmailLink_NavigationTo_Webmail ***>>> <br/>]]]>
              </value>
            </param>
          </params>
          <reporter-output>
          </reporter-output>
        </test-method> <!-- postTestCase -->
        <test-method status="PASS" signature="testSetup(java.lang.String)[pri:0, instance:com.charter.test.MyAccount@1af3c0]" name="testSetup" is-config="true" duration-ms="2125" started-at="2016-02-03T11:36:37Z" finished-at="2016-02-03T11:36:39Z">
          <params>
            <param index="0">
              <value is-null="true"/>
            </param>
          </params>
          <reporter-output>
          </reporter-output>
        </test-method> <!-- testSetup -->
        <test-method status="PASS" signature="TC18_Validate_OverviewPage_ServiceEquipmentPanel_Stduser(java.util.Map)[pri:0, instance:com.charter.test.MyAccount@1af3c0]" name="TC18_Validate_OverviewPage_ServiceEquipmentPanel_Stduser" duration-ms="31439" started-at="2016-02-03T11:36:39Z" data-provider="TestDataCharter" finished-at="2016-02-03T11:37:11Z">
          <params>
            <param index="0">
              <value>
                <![CDATA[{CardNumber=, mac_CID=, security_question=, zipcode_fID=, invalidLastname=, invalidPassword=, lastname_fp=, password=, security_answer=, invalidMAC=, Zipcode=, invalidEmail=, UserPassword=Testing01, City=, ACnumber=, charterID=, lastname=, lastname_fID=, Zipcode_fp=, State=, firstname_CID=, zipcode_CID=, ParentalControl_TV=, mac_fID=, invalidSecurityAns=, address_CID=, ParentalControl_Unratedcontent=, ParentalControl_Movie=, TestCaseId=TC18_Validate_OverviewPage_ServiceEquipmentPanel_Stduser, invalidZipcode=, lastname_CID=, fLinked_CharterID=, ExpDate=, UserID=e2e5002, CardType=, UserID1=, address_fID=, CharterID_fp=, invalidAddress=, email=, AccountNumberVerify=, LegacySiteURL=, FutureDate=, Address2=, Mobilephone=, Address1=, hohuser=, SelectDate=, ExpYear=}]]>
              </value>
            </param>
          </params>
          <reporter-output>
            <line>
              <![CDATA[<<<*** END: MyAccount.TC18_Validate_OverviewPage_ServiceEquipmentPanel_Stduser ***>>> <br/>]]>
            </line>
            <line>
              <![CDATA[=====================================================================================<br/>]]>
            </line>
            <line>
              <![CDATA[Test Passed :com.charter.test.MyAccount.TC18_Validate_OverviewPage_ServiceEquipmentPanel_Stduser, Took 31 seconds<br/>]]>
            </line>
          </reporter-output>
        </test-method> <!-- TC18_Validate_OverviewPage_ServiceEquipmentPanel_Stduser -->
        <test-method status="PASS" signature="postTestCase(org.testng.ITestResult)[pri:0, instance:com.charter.test.MyAccount@1af3c0]" name="postTestCase" is-config="true" duration-ms="1305" started-at="2016-02-03T11:37:12Z" finished-at="2016-02-03T11:37:13Z">
          <params>
            <param index="0">
              <value>
                <![CDATA[[TestResult name=TC18_Validate_OverviewPage_ServiceEquipmentPanel_Stduser status=SUCCESS method=MyAccount.TC18_Validate_OverviewPage_ServiceEquipmentPanel_Stduser(java.util.Map)[pri:0, instance:com.charter.test.MyAccount@1af3c0] output=<<<*** END: MyAccount.TC18_Validate_OverviewPage_ServiceEquipmentPanel_Stduser ***>>> <br/>]]]>
              </value>
            </param>
          </params>
          <reporter-output>
          </reporter-output>
        </test-method> <!-- postTestCase -->
      </class> <!-- com.charter.test.MyAccount -->
    </test> <!-- Stage -->
  </suite> <!-- Charter - Suite -->
</testng-results>
