<?xml version="1.0" encoding="UTF-8"?>
<!-- Generated by org.testng.reporters.JUnitXMLReporter -->
<testsuite hostname="PC273975" name="Prod" tests="25" failures="1" timestamp="9 Sep 2015 13:44:36 GMT" time="868.679" errors="0">
  <testcase name="TD03_Validate_MyServicesPage_TVNonSubscribedUser_AbleToView_BannerAndSupportVideo" time="26.615" classname="com.charter.test.MyServices"/>
  <testcase name="TD06_Validate_MyServices_TV_Page_UpdateNickname" time="30.068" classname="com.charter.test.MyServices"/>
  <testcase name="TD13_Validate_MyServicesPage_InternetNonSubscribedUser_AbleToView_BannerAndSupportVideo" time="30.638" classname="com.charter.test.MyServices"/>
  <testcase name="TD14_Validate_MyServicesPage_ChaterEmail_NavigateTo_EmailInbox" time="29.496" classname="com.charter.test.MyServices"/>
  <testcase name="TD16_Validate_MyservicesPage_SecuritySuite_NavigateTo_ChaterSecuritySuite" time="31.639" classname="com.charter.test.MyServices"/>
  <testcase name="TD22_Validate_MyServicesPage_VoiceNonSubscribedUser_AbleToView_BannerAndSupportVideo" time="34.866" classname="com.charter.test.MyServices"/>
  <testcase name="TD23_Validate_MyServicesPage_CharterPhoneLink_NavigateTo_PhoneOnlineManagerPage" time="26.894" classname="com.charter.test.MyServices"/>
  <testcase name="TD25_Validate_MyServicesPage_LinksWithLogin" time="45.387" classname="com.charter.test.MyServices"/>
  <testcase name="TD26_Validate_MyServicesPage_LinksWithOutLogin" time="37.068" classname="com.charter.test.MyServices"/>
  <testcase name="TC39_Validate_BillingAndTransactionPage_AskCharterWidget_HOHUser" time="31.453" classname="com.charter.test.MyAccount"/>
  <testcase name="TC43_Validate_TVServicesPage_AskCharterWidget_HOHUser" time="24.616" classname="com.charter.test.MyAccount"/>
  <testcase name="TC49_Validate_InternetServicesPage_AskCharterWidget_HOHUser" time="25.461" classname="com.charter.test.MyAccount"/>
  <testcase name="TC51_Validate_InternetServicesPage_CharterEmailLink_NavigateTo_ChaterEmail_HOHUser" time="37.912" classname="com.charter.test.MyAccount"/>
  <testcase name="TC52_Validate_InternetServicesPage_CharterSecurityLink_NavigateTo_CharterSecurityPage_HOHUser" time="24.763" classname="com.charter.test.MyAccount"/>
  <testcase name="TC54_Validate_VoiceServicesPage_Navigation_AndVerifyHeaderLinks" time="28.115" classname="com.charter.test.MyAccount"/>
  <testcase name="TC57_Validate_VoiceServicesPage_AskCharterWidget_HOHUser" time="25.868" classname="com.charter.test.MyAccount"/>
  <testcase name="TC01_Validate_OverviewPageHeaders_HOHUser" time="29.136" classname="com.charter.test.MyAccount"/>
  <testcase name="TC02_Validate_BillingandTransactionSection_HOHUser" time="30.789" classname="com.charter.test.MyAccount"/>
  <testcase name="TC03_Validate_AskCharterWidget_HOHUser" time="23.185" classname="com.charter.test.MyAccount"/>
  <testcase name="TC13_Validate_OverviewPage_AvatarImagesViewProfile_HOHUser" time="32.331" classname="com.charter.test.MyAccount"/>
  <testcase name="TC14_Validate_OverviewPage_NickNameLink_NavigationTo_TVServices" time="32.449" classname="com.charter.test.MyAccount"/>
  <testcase name="TC16_Validate_OverviewPage_CheckEmailLink_NavigationTo_Webmail" time="26.388" classname="com.charter.test.MyAccount"/>
  <testcase name="TC18_Validate_OverviewPage_ServiceEquipmentPanel_Stduser" time="23.604" classname="com.charter.test.MyAccount">
    <failure type="java.lang.AssertionError" message="Upgrde link Exists for Standard User expected [false] but found [true]">
      <![CDATA[java.lang.AssertionError: Upgrde link Exists for Standard User expected [false] but found [true]
	at com.charter.test.MyAccount.TC18_Validate_OverviewPage_ServiceEquipmentPanel_Stduser(MyAccount.java:268)
... Removed 36 stack frames]]>
    </failure>
  </testcase> <!-- TC18_Validate_OverviewPage_ServiceEquipmentPanel_Stduser -->
  <testcase name="TA49_Validate_ChaterInvalidLogin" time="16.341" classname="com.charter.test.Login"/>
  <testcase name="TA48_Validate_ChaterValidLogin" time="12.745" classname="com.charter.test.Login"/>
</testsuite> <!-- Prod -->
