<?xml version="1.0" encoding="UTF-8"?>
<!-- Generated by org.testng.reporters.JUnitXMLReporter -->
<testsuite hostname="PC273975" name="EngProd_Test_june4th2015" tests="13" failures="0" timestamp="4 Jun 2015 10:36:08 GMT" time="2522.993" errors="0">
  <testcase name="TC01_Validate_OverviewPageHeaders_HOHUser" time="57.346" classname="com.charter.test.MyAccount"/>
  <testcase name="TC02_Validate_BillingandTransactionSection_HOHUser" time="48.964" classname="com.charter.test.MyAccount"/>
  <testcase name="TC03_Validate_AskCharterWidget_HOHUser" time="107.632" classname="com.charter.test.MyAccount"/>
  <testcase name="TC14_Validate_OverviewPage_NickNameLink_NavigationTo_TVServices" time="728.457" classname="com.charter.test.MyAccount"/>
  <testcase name="TC16_Validate_OverviewPage_CheckEmailLink_NavigationTo_Webmail" time="51.202" classname="com.charter.test.MyAccount"/>
  <testcase name="TC18_Validate_OverviewPage_ServiceEquipmentPanel_Stduser" time="617.994" classname="com.charter.test.MyAccount"/>
  <testcase name="TC39_Validate_BillingAndTransactionPage_AskCharterWidget_HOHUser" time="50.72" classname="com.charter.test.MyAccount"/>
  <testcase name="TC43_Validate_TVServicesPage_AskCharterWidget_HOHUser" time="57.07" classname="com.charter.test.MyAccount"/>
  <testcase name="TC49_Validate_InternetServicesPage_AskCharterWidget_HOHUser" time="203.568" classname="com.charter.test.MyAccount"/>
  <testcase name="TC51_Validate_InternetServicesPage_CharterEmailLink_NavigateTo_ChaterEmail_HOHUser" time="62.569" classname="com.charter.test.MyAccount"/>
  <testcase name="TC52_Validate_InternetServicesPage_CharterSecurityLink_NavigateTo_CharterSecurityPage_HOHUser" time="286.611" classname="com.charter.test.MyAccount"/>
  <testcase name="TC54_Validate_VoiceServicesPage_Navigation_AndVerifyHeaderLinks" time="54.414" classname="com.charter.test.MyAccount"/>
  <testcase name="TC57_Validate_VoiceServicesPage_AskCharterWidget_HOHUser" time="46.507" classname="com.charter.test.MyAccount"/>
</testsuite> <!-- EngProd_Test_june4th2015 -->
