<?xml version="1.0" encoding="UTF-8"?>
<!-- Generated by org.testng.reporters.JUnitXMLReporter -->
<testsuite hostname="PC273975" name="ReviewComments_MyAccount" tests="2" failures="0" timestamp="19 Jan 2015 08:41:34 GMT" time="214.676" errors="0">
  <testcase name="TC54_MyAccount_Validate_MAVoiceServicesPage_Headers" time="77.495" classname="com.charter.test.MyAccount"/>
  <testcase name="TC58_Validate_VoiceServices_ManageSection_Admin" time="129.371" classname="com.charter.test.MyAccount"/>
</testsuite> <!-- ReviewComments_MyAccount -->
