<?xml version="1.0" encoding="UTF-8"?>
<!-- Generated by org.testng.reporters.JUnitXMLReporter -->
<testsuite hostname="PC273975" name="Sanity_Test_Jan27_Run01" tests="5" failures="0" timestamp="27 Jan 2015 05:49:52 GMT" time="177.897" errors="0">
  <testcase name="TH01_Verify_PaybillLink_HomePage_HOH" time="24.242" classname="com.charter.test.Home"/>
  <testcase name="TH02_Verify_ViewStatementLink_HomePage_HOH" time="23.938" classname="com.charter.test.Home"/>
  <testcase name="TH03_Verify_StandardUser_able_navigate_by_TVGuideLink" time="19.259" classname="com.charter.test.Home"/>
  <testcase name="TH04_Verify_StandardUser_able_navigate_by_OnDemandLink" time="36.295" classname="com.charter.test.Home"/>
  <testcase name="TH05_Verify_HOH_able_navigate_by_GetSupportLink" time="55.915" classname="com.charter.test.Home"/>
</testsuite> <!-- Sanity_Test_Jan27_Run01 -->
