<?xml version="1.0" encoding="UTF-8"?>
<!-- Generated by org.testng.reporters.JUnitXMLReporter -->
<testsuite hostname="PC273975" name="Sanity_Test_Jan20_Run01" tests="12" failures="0" timestamp="28 Jan 2015 16:40:53 GMT" time="271.786" errors="0">
  <testcase name="TA20_ForgotUserName_HOH_RetrieveCID" time="36.813" classname="com.charter.test.ForgotUsername"/>
  <testcase name="TA21_ForgotUserName_Admin_RetrieveCID" time="28.286" classname="com.charter.test.ForgotUsername"/>
  <testcase name="TA22_ForgotUserName_SUser_RetrieveCID" time="29.061" classname="com.charter.test.ForgotUsername"/>
  <testcase name="TA24_ForgotUserName_Navigate_SupportArticlePage" time="15.13" classname="com.charter.test.ForgotUsername"/>
  <testcase name="TA25_ForgotUserName_Navigate_CreateAccountPage" time="15.079" classname="com.charter.test.ForgotUsername"/>
  <testcase name="TA26_ForgotUsername_Validate_HelpIcons" time="11.354" classname="com.charter.test.ForgotUsername"/>
  <testcase name="TA28_ForgotUsername_SuccessfulThankYouMessage" time="19.803" classname="com.charter.test.ForgotUsername"/>
  <testcase name="TA29_ForgotUserName_InvalidZipCode" time="14.718" classname="com.charter.test.ForgotUsername"/>
  <testcase name="TA30_ForgotUserName_InvalidMacAddress" time="11.271" classname="com.charter.test.ForgotUsername"/>
  <testcase name="TA32_ForgotUserName_InvalidLastName" time="12.577" classname="com.charter.test.ForgotUsername"/>
  <testcase name="TA33_ForgotUserName_InvalidServiceAddress" time="14.939" classname="com.charter.test.ForgotUsername"/>
  <testcase name="TA34_ForgotUserName_ErrorMessageWithoutEnteringAnydata" time="14.089" classname="com.charter.test.ForgotUsername"/>
</testsuite> <!-- Sanity_Test_Jan20_Run01 -->
