<?xml version="1.0" encoding="UTF-8"?>
<!-- Generated by org.testng.reporters.JUnitXMLReporter -->
<testsuite hostname="PC273975" name="Prod_Test_Aug12th2015" tests="5" failures="0" timestamp="12 Aug 2015 12:55:38 GMT" time="1847.596" errors="0">
  <testcase name="TM14_Validate_CharterMail_SignOut" time="585.057" classname="com.charter.test.CharterMail"/>
  <testcase name="TD27_Validate_CharterSecuritySuite_SupportLinks" time="361.698" classname="com.charter.test.MyServices"/>
  <testcase name="TD28_Validate_CharterSecuritySuite_UninstallSoftwareLink" time="395.483" classname="com.charter.test.MyServices"/>
  <testcase name="TD29_Validate_CharterSecuritySuite_DeviceNickName_WarningMsg" time="275.858" classname="com.charter.test.MyServices"/>
  <testcase name="TD30_Validate_CharterSecuritySuite_AskSpectrum_Widget" time="193.56" classname="com.charter.test.MyServices"/>
</testsuite> <!-- Prod_Test_Aug12th2015 -->
