<?xml version="1.0" encoding="UTF-8"?>
<!-- Generated by org.testng.reporters.JUnitXMLReporter -->
<testsuite hostname="PC273975" name="Prod_Test_Aug13th2015" tests="3" failures="0" timestamp="13 Aug 2015 14:17:05 GMT" time="162.041" errors="0">
  <testcase name="TV26_CL20_Validate_SendAsset_fromOnDemand_WatchOnTV_toSTB" time="50.029" classname="com.charter.test.WatchTV"/>
  <testcase name="TV27_CL20_Validate_PlayAsset_fromOnDemand_WatchOnline" time="52.195" classname="com.charter.test.WatchTV"/>
  <testcase name="TC76_CL20_Validate_SuccessMsg_on_Equipment_Refresh" time="42.822" classname="com.charter.test.MyAccount"/>
</testsuite> <!-- Prod_Test_Aug13th2015 -->
