<?xml version="1.0" encoding="UTF-8"?>
<!-- Generated by org.testng.reporters.JUnitXMLReporter -->
<testsuite hostname="PC273975" name="Prod" tests="10" failures="0" timestamp="29 Jan 2016 12:32:58 GMT" time="690.585" errors="0">
  <testcase name="TL02_Validate_ChaterInvalidLogin" time="57.674" classname="com.charter.test.Login"/>
  <testcase name="TL03_Validate_Non_ConvertedUser_UpdateUserPage" time="66.549" classname="com.charter.test.Login"/>
  <testcase name="TL05_Validate_Convert_StdUser_Check_HOHAdminLogin" time="67.876" classname="com.charter.test.Login"/>
  <testcase name="TL06_Validate_Convert_AdminUser_Check_HOHLogin" time="69.839" classname="com.charter.test.Login"/>
  <testcase name="TL07_Validate_Convert_twoUsers_SamePassword" time="134.185" classname="com.charter.test.Login"/>
  <testcase name="TL15_Validate_Acc1_MSLoginConvert_when_Account1_MSLogin_Conflicts_with_Account2_DotNetID" time="52.204" classname="com.charter.test.Login"/>
  <testcase name="TL17_Validate_Acc1_DotnetIDConvert_when_Account1_MSLogin_Conflicts_with_Account2_DotNetID" time="51.128" classname="com.charter.test.Login"/>
  <testcase name="TL20_Validate_MSLoginConvert_when_same_MSLogin_DotNetID_samePassword" time="41.454" classname="com.charter.test.Login"/>
  <testcase name="TL21_Validate_DotNetIDConvert_when_same_MSLogin_DotNetID_samePassword" time="45.027" classname="com.charter.test.Login"/>
  <testcase name="TL23_Validate_Login_HardDisconnectedAccount" time="22.146" classname="com.charter.test.Login"/>
</testsuite> <!-- Prod -->
