<?xml version="1.0" encoding="UTF-8"?>
<!-- Generated by org.testng.reporters.JUnitXMLReporter -->
<testsuite hostname="PC273975" name="Set 1" tests="10" failures="4" timestamp="13 Jan 2015 09:31:45 GMT" time="0.031" errors="0">
  <testcase name="testReporterOne" time="0.0" classname="ChaterReporter.CallForReporter_Test"/>
  <testcase name="testReporterFour" time="0.0" classname="ChaterReporter.ScriptForListener"/>
  <testcase name="testReporterOne" time="0.0" classname="ChaterReporter.ScriptForListener"/>
  <testcase name="testReporterThree" time="0.0" classname="ChaterReporter.ScriptForListener"/>
  <testcase name="testReporterFour" time="0.0" classname="ChaterReporter.CallForReporter_Test"/>
  <testcase name="testReporterThree" time="0.0" classname="ChaterReporter.CallForReporter_Test"/>
  <testcase name="testReporterTwo" time="0.0" classname="ChaterReporter.CallForReporter_Test">
    <failure type="java.lang.AssertionError" message="testReporterTwo has failed expected [true] but found [false]">
      <![CDATA[java.lang.AssertionError: testReporterTwo has failed expected [true] but found [false]
	at ChaterReporter.CallForReporter_Test.testReporterTwo(CallForReporter_Test.java:13)
... Removed 27 stack frames]]>
    </failure>
  </testcase> <!-- testReporterTwo -->
  <testcase name="testReporterFive" time="0.0" classname="ChaterReporter.ScriptForListener">
    <failure type="java.lang.AssertionError" message="testReporterfive has failed expected [true] but found [false]">
      <![CDATA[java.lang.AssertionError: testReporterfive has failed expected [true] but found [false]
	at ChaterReporter.ScriptForListener.testReporterFive(ScriptForListener.java:24)
... Removed 27 stack frames]]>
    </failure>
  </testcase> <!-- testReporterFive -->
  <testcase name="testReporterSix" time="0.0" classname="ChaterReporter.ScriptForListener">
    <failure type="java.lang.AssertionError" message="testReporterSix has failed expected [true] but found [false]">
      <![CDATA[java.lang.AssertionError: testReporterSix has failed expected [true] but found [false]
	at ChaterReporter.ScriptForListener.testReporterSix(ScriptForListener.java:28)
... Removed 27 stack frames]]>
    </failure>
  </testcase> <!-- testReporterSix -->
  <testcase name="testReporterTwo" time="0.0" classname="ChaterReporter.ScriptForListener">
    <failure type="java.lang.AssertionError" message="testReporterTwo has failed expected [true] but found [false]">
      <![CDATA[java.lang.AssertionError: testReporterTwo has failed expected [true] but found [false]
	at ChaterReporter.ScriptForListener.testReporterTwo(ScriptForListener.java:12)
... Removed 27 stack frames]]>
    </failure>
  </testcase> <!-- testReporterTwo -->
</testsuite> <!-- Set 1 -->
